0 verbose cli C:\Program Files\nodejs\node.exe C:\Program Files\nodejs\node_modules\npm\bin\npm-cli.js
1 info using npm@10.9.0
2 info using node@v22.12.0
3 silly config load:file:C:\Program Files\nodejs\node_modules\npm\npmrc
4 silly config load:file:C:\Development\HTMX\RosieTaylorBranding\.npmrc
5 silly config load:file:C:\Users\ptayl\.npmrc
6 silly config load:file:C:\Development\HTMX\RosieTaylorBranding\%USERPROFILE%\npm\etc\npmrc
7 verbose title npm install tailwindcss@3.3.3
8 verbose argv "install" "--save-dev" "tailwindcss@3.3.3"
9 verbose logfile logs-max:10 dir:C:\Development\HTMX\RosieTaylorBranding\%USERPROFILE%\npm-cache\_logs\2025-08-21T11_54_26_619Z-
10 verbose logfile C:\Development\HTMX\RosieTaylorBranding\%USERPROFILE%\npm-cache\_logs\2025-08-21T11_54_26_619Z-debug-0.log
11 silly logfile done cleaning log files
12 silly packumentCache heap:2197815296 maxSize:549453824 maxEntrySize:274726912
13 silly idealTree buildDeps
14 silly fetch manifest tailwindcss@3.3.3
15 silly packumentCache full:https://registry.npmjs.org/tailwindcss cache-miss
16 verbose shrinkwrap failed to load node_modules/.package-lock.json out of date, updated: node_modules
17 http fetch GET 200 https://registry.npmjs.org/npm 1433ms
18 http fetch GET 200 https://registry.npmjs.org/tailwindcss 1664ms (cache miss)
19 silly packumentCache full:https://registry.npmjs.org/tailwindcss set size:undefined disposed:false
20 silly placeDep ROOT tailwindcss@3.3.3 REPLACE for: rosietaylorbranding@1.0.0 want: 3.3.3
21 silly fetch manifest arg@^5.0.2
22 silly packumentCache full:https://registry.npmjs.org/arg cache-miss
23 silly fetch manifest dlv@^1.1.3
24 silly packumentCache full:https://registry.npmjs.org/dlv cache-miss
25 silly fetch manifest jiti@^1.18.2
26 silly packumentCache full:https://registry.npmjs.org/jiti cache-miss
27 http fetch GET 200 https://registry.npmjs.org/dlv 135ms (cache miss)
28 silly packumentCache full:https://registry.npmjs.org/dlv set size:undefined disposed:false
29 silly fetch manifest is-glob@^4.0.3
30 silly packumentCache full:https://registry.npmjs.org/is-glob cache-miss
31 http fetch GET 200 https://registry.npmjs.org/arg 166ms (cache miss)
32 silly packumentCache full:https://registry.npmjs.org/arg set size:undefined disposed:false
33 silly fetch manifest postcss@^8.4.23
34 silly packumentCache full:https://registry.npmjs.org/postcss cache-miss
35 http fetch GET 200 https://registry.npmjs.org/is-glob 87ms (cache miss)
36 silly packumentCache full:https://registry.npmjs.org/is-glob set size:undefined disposed:false
37 silly fetch manifest resolve@^1.22.2
38 silly packumentCache full:https://registry.npmjs.org/resolve cache-miss
39 http fetch GET 200 https://registry.npmjs.org/postcss 152ms (cache miss)
40 silly packumentCache full:https://registry.npmjs.org/postcss set size:undefined disposed:false
41 silly fetch manifest sucrase@^3.32.0
42 silly packumentCache full:https://registry.npmjs.org/sucrase cache-miss
43 http fetch GET 200 https://registry.npmjs.org/resolve 116ms (cache miss)
44 silly packumentCache full:https://registry.npmjs.org/resolve set size:undefined disposed:false
45 silly fetch manifest chokidar@^3.5.3
46 silly packumentCache full:https://registry.npmjs.org/chokidar cache-miss
47 http fetch GET 200 https://registry.npmjs.org/jiti 400ms (cache miss)
48 silly packumentCache full:https://registry.npmjs.org/jiti set size:undefined disposed:false
49 silly fetch manifest fast-glob@^3.2.12
50 silly packumentCache full:https://registry.npmjs.org/fast-glob cache-miss
51 http fetch GET 200 https://registry.npmjs.org/sucrase 121ms (cache miss)
52 silly packumentCache full:https://registry.npmjs.org/sucrase set size:undefined disposed:false
53 silly fetch manifest lilconfig@^2.1.0
54 silly packumentCache full:https://registry.npmjs.org/lilconfig cache-miss
55 http fetch GET 200 https://registry.npmjs.org/chokidar 113ms (cache miss)
56 silly packumentCache full:https://registry.npmjs.org/chokidar set size:undefined disposed:false
57 silly fetch manifest didyoumean@^1.2.2
58 silly packumentCache full:https://registry.npmjs.org/didyoumean cache-miss
59 http fetch GET 200 https://registry.npmjs.org/fast-glob 112ms (cache miss)
60 silly packumentCache full:https://registry.npmjs.org/fast-glob set size:undefined disposed:false
61 silly fetch manifest micromatch@^4.0.5
62 silly packumentCache full:https://registry.npmjs.org/micromatch cache-miss
63 http fetch GET 200 https://registry.npmjs.org/didyoumean 84ms (cache miss)
64 silly packumentCache full:https://registry.npmjs.org/didyoumean set size:undefined disposed:false
65 silly fetch manifest picocolors@^1.0.0
66 silly packumentCache full:https://registry.npmjs.org/picocolors cache-miss
67 http fetch GET 200 https://registry.npmjs.org/lilconfig 102ms (cache miss)
68 silly packumentCache full:https://registry.npmjs.org/lilconfig set size:undefined disposed:false
69 silly fetch manifest postcss-js@^4.0.1
70 silly packumentCache full:https://registry.npmjs.org/postcss-js cache-miss
71 http fetch GET 200 https://registry.npmjs.org/picocolors 94ms (cache miss)
72 silly packumentCache full:https://registry.npmjs.org/picocolors set size:undefined disposed:false
73 silly fetch manifest glob-parent@^6.0.2
74 silly packumentCache full:https://registry.npmjs.org/glob-parent cache-miss
75 http fetch GET 200 https://registry.npmjs.org/micromatch 198ms (cache miss)
76 silly packumentCache full:https://registry.npmjs.org/micromatch set size:undefined disposed:false
77 silly fetch manifest object-hash@^3.0.0
78 silly packumentCache full:https://registry.npmjs.org/object-hash cache-miss
79 http fetch GET 200 https://registry.npmjs.org/glob-parent 87ms (cache miss)
80 silly packumentCache full:https://registry.npmjs.org/glob-parent set size:undefined disposed:false
81 silly fetch manifest normalize-path@^3.0.0
82 silly packumentCache full:https://registry.npmjs.org/normalize-path cache-miss
83 http fetch GET 200 https://registry.npmjs.org/postcss-js 203ms (cache miss)
84 silly packumentCache full:https://registry.npmjs.org/postcss-js set size:undefined disposed:false
85 silly fetch manifest postcss-import@^15.1.0
86 silly packumentCache full:https://registry.npmjs.org/postcss-import cache-miss
87 http fetch GET 200 https://registry.npmjs.org/normalize-path 100ms (cache miss)
88 silly packumentCache full:https://registry.npmjs.org/normalize-path set size:undefined disposed:false
89 silly fetch manifest postcss-nested@^6.0.1
90 silly packumentCache full:https://registry.npmjs.org/postcss-nested cache-miss
91 http fetch GET 200 https://registry.npmjs.org/object-hash 163ms (cache miss)
92 silly packumentCache full:https://registry.npmjs.org/object-hash set size:undefined disposed:false
93 silly fetch manifest @alloc/quick-lru@^5.2.0
94 silly packumentCache full:https://registry.npmjs.org/@alloc%2fquick-lru cache-miss
95 http fetch GET 200 https://registry.npmjs.org/postcss-import 130ms (cache miss)
96 silly packumentCache full:https://registry.npmjs.org/postcss-import set size:undefined disposed:false
97 silly fetch manifest postcss-load-config@^4.0.1
98 silly packumentCache full:https://registry.npmjs.org/postcss-load-config cache-miss
99 http fetch GET 200 https://registry.npmjs.org/postcss-nested 165ms (cache miss)
100 silly packumentCache full:https://registry.npmjs.org/postcss-nested set size:undefined disposed:false
101 silly fetch manifest postcss-selector-parser@^6.0.11
102 silly packumentCache full:https://registry.npmjs.org/postcss-selector-parser cache-miss
103 http fetch GET 200 https://registry.npmjs.org/postcss-load-config 153ms (cache miss)
104 silly packumentCache full:https://registry.npmjs.org/postcss-load-config set size:undefined disposed:false
105 http fetch GET 200 https://registry.npmjs.org/postcss-selector-parser 99ms (cache miss)
106 silly packumentCache full:https://registry.npmjs.org/postcss-selector-parser set size:undefined disposed:false
107 http fetch GET 200 https://registry.npmjs.org/@alloc%2fquick-lru 694ms (cache miss)
108 silly packumentCache full:https://registry.npmjs.org/@alloc%2fquick-lru set size:undefined disposed:false
109 silly fetch manifest ts-node@>=9.0.0
110 silly packumentCache full:https://registry.npmjs.org/ts-node cache-miss
111 http fetch GET 200 https://registry.npmjs.org/ts-node 163ms (cache miss)
112 silly packumentCache full:https://registry.npmjs.org/ts-node set size:undefined disposed:false
113 silly fetch manifest @swc/core@>=1.2.50
114 silly packumentCache full:https://registry.npmjs.org/@swc%2fcore cache-miss
115 http fetch GET 200 https://registry.npmjs.org/@swc%2fcore 262ms (cache miss)
116 silly packumentCache full:https://registry.npmjs.org/@swc%2fcore set size:undefined disposed:false
117 silly fetch manifest @swc/helpers@>=0.5.17
118 silly packumentCache full:https://registry.npmjs.org/@swc%2fhelpers cache-miss
119 http fetch GET 200 https://registry.npmjs.org/@swc%2fhelpers 118ms (cache miss)
120 silly packumentCache full:https://registry.npmjs.org/@swc%2fhelpers set size:undefined disposed:false
121 silly fetch manifest @swc/wasm@>=1.2.50
122 silly packumentCache full:https://registry.npmjs.org/@swc%2fwasm cache-miss
123 http fetch GET 200 https://registry.npmjs.org/@swc%2fwasm 257ms (cache miss)
124 silly packumentCache full:https://registry.npmjs.org/@swc%2fwasm set size:undefined disposed:false
125 silly fetch manifest @types/node@*
126 silly packumentCache full:https://registry.npmjs.org/@types%2fnode cache-miss
127 http fetch GET 200 https://registry.npmjs.org/@types%2fnode 669ms (cache miss)
128 silly packumentCache full:https://registry.npmjs.org/@types%2fnode set size:undefined disposed:false
129 silly fetch manifest typescript@>=2.7
130 silly packumentCache full:https://registry.npmjs.org/typescript cache-miss
131 http fetch GET 200 https://registry.npmjs.org/typescript 662ms (cache miss)
132 silly packumentCache full:https://registry.npmjs.org/typescript set size:undefined disposed:false
133 silly placeDep ROOT @alloc/quick-lru@5.2.0 OK for: tailwindcss@3.3.3 want: ^5.2.0
134 silly placeDep ROOT arg@5.0.2 OK for: tailwindcss@3.3.3 want: ^5.0.2
135 silly placeDep ROOT chokidar@3.6.0 OK for: tailwindcss@3.3.3 want: ^3.5.3
136 silly placeDep ROOT didyoumean@1.2.2 OK for: tailwindcss@3.3.3 want: ^1.2.2
137 silly placeDep ROOT dlv@1.1.3 OK for: tailwindcss@3.3.3 want: ^1.1.3
138 silly placeDep ROOT fast-glob@3.3.3 OK for: tailwindcss@3.3.3 want: ^3.2.12
139 silly placeDep ROOT glob-parent@6.0.2 OK for: tailwindcss@3.3.3 want: ^6.0.2
140 silly placeDep ROOT is-glob@4.0.3 OK for: tailwindcss@3.3.3 want: ^4.0.3
141 silly placeDep ROOT jiti@1.21.7 OK for: tailwindcss@3.3.3 want: ^1.18.2
142 silly placeDep ROOT lilconfig@2.1.0 OK for: tailwindcss@3.3.3 want: ^2.1.0
143 silly placeDep ROOT micromatch@4.0.8 OK for: tailwindcss@3.3.3 want: ^4.0.5
144 silly placeDep ROOT normalize-path@3.0.0 OK for: tailwindcss@3.3.3 want: ^3.0.0
145 silly placeDep ROOT object-hash@3.0.0 OK for: tailwindcss@3.3.3 want: ^3.0.0
146 silly placeDep ROOT picocolors@1.1.1 OK for: tailwindcss@3.3.3 want: ^1.0.0
147 silly placeDep ROOT postcss@8.5.6 OK for: tailwindcss@3.3.3 want: ^8.4.23
148 silly placeDep ROOT postcss-import@15.1.0 OK for: tailwindcss@3.3.3 want: ^15.1.0
149 silly placeDep ROOT postcss-js@4.0.1 OK for: tailwindcss@3.3.3 want: ^4.0.1
150 silly placeDep ROOT postcss-load-config@4.0.2 OK for: tailwindcss@3.3.3 want: ^4.0.1
151 silly placeDep ROOT postcss-nested@6.2.0 OK for: tailwindcss@3.3.3 want: ^6.0.1
152 silly placeDep ROOT postcss-selector-parser@6.1.2 OK for: tailwindcss@3.3.3 want: ^6.0.11
153 silly placeDep ROOT resolve@1.22.10 OK for: tailwindcss@3.3.3 want: ^1.22.2
154 silly placeDep ROOT sucrase@3.35.0 OK for: tailwindcss@3.3.3 want: ^3.32.0
155 silly fetch manifest braces@~3.0.2
156 silly packumentCache full:https://registry.npmjs.org/braces cache-miss
157 silly fetch manifest is-glob@~4.0.1
158 silly packumentCache full:https://registry.npmjs.org/is-glob cache-miss
159 silly fetch manifest anymatch@~3.1.2
160 silly packumentCache full:https://registry.npmjs.org/anymatch cache-miss
161 http fetch GET 200 https://registry.npmjs.org/is-glob 20ms (cache hit)
162 silly packumentCache full:https://registry.npmjs.org/is-glob set size:40530 disposed:false
163 silly fetch manifest readdirp@~3.6.0
164 silly packumentCache full:https://registry.npmjs.org/readdirp cache-miss
165 http fetch GET 200 https://registry.npmjs.org/readdirp 142ms (cache miss)
166 silly packumentCache full:https://registry.npmjs.org/readdirp set size:undefined disposed:false
167 silly fetch manifest glob-parent@~5.1.2
168 silly packumentCache full:https://registry.npmjs.org/glob-parent cache-miss
169 http fetch GET 200 https://registry.npmjs.org/braces 172ms (cache miss)
170 silly packumentCache full:https://registry.npmjs.org/braces set size:undefined disposed:false
171 silly fetch manifest is-binary-path@~2.1.0
172 silly packumentCache full:https://registry.npmjs.org/is-binary-path cache-miss
173 http fetch GET 200 https://registry.npmjs.org/anymatch 177ms (cache miss)
174 silly packumentCache full:https://registry.npmjs.org/anymatch set size:undefined disposed:false
175 silly fetch manifest normalize-path@~3.0.0
176 silly packumentCache full:https://registry.npmjs.org/normalize-path cache-miss
177 http fetch GET 200 https://registry.npmjs.org/glob-parent 16ms (cache hit)
178 silly packumentCache full:https://registry.npmjs.org/glob-parent set size:42445 disposed:false
179 silly fetch manifest fsevents@~2.3.2
180 silly packumentCache full:https://registry.npmjs.org/fsevents cache-miss
181 http fetch GET 200 https://registry.npmjs.org/normalize-path 12ms (cache hit)
182 silly packumentCache full:https://registry.npmjs.org/normalize-path set size:28713 disposed:false
183 silly fetch manifest @nodelib/fs.stat@^2.0.2
184 silly packumentCache full:https://registry.npmjs.org/@nodelib%2ffs.stat cache-miss
185 http fetch GET 200 https://registry.npmjs.org/is-binary-path 93ms (cache miss)
186 silly packumentCache full:https://registry.npmjs.org/is-binary-path set size:undefined disposed:false
187 silly fetch manifest @nodelib/fs.walk@^1.2.3
188 silly packumentCache full:https://registry.npmjs.org/@nodelib%2ffs.walk cache-miss
189 http fetch GET 200 https://registry.npmjs.org/fsevents 101ms (cache miss)
190 silly packumentCache full:https://registry.npmjs.org/fsevents set size:undefined disposed:false
191 silly fetch manifest glob-parent@^5.1.2
192 silly packumentCache full:https://registry.npmjs.org/glob-parent cache-hit
193 silly fetch manifest merge2@^1.3.0
194 silly packumentCache full:https://registry.npmjs.org/merge2 cache-miss
195 http fetch GET 200 https://registry.npmjs.org/@nodelib%2ffs.stat 104ms (cache miss)
196 silly packumentCache full:https://registry.npmjs.org/@nodelib%2ffs.stat set size:undefined disposed:false
197 silly fetch manifest micromatch@^4.0.8
198 silly packumentCache full:https://registry.npmjs.org/micromatch cache-miss
199 http fetch GET 200 https://registry.npmjs.org/micromatch 5ms (cache hit)
200 silly packumentCache full:https://registry.npmjs.org/micromatch set size:240630 disposed:false
201 silly fetch manifest is-extglob@^2.1.1
202 silly packumentCache full:https://registry.npmjs.org/is-extglob cache-miss
203 http fetch GET 200 https://registry.npmjs.org/@nodelib%2ffs.walk 93ms (cache miss)
204 silly packumentCache full:https://registry.npmjs.org/@nodelib%2ffs.walk set size:undefined disposed:false
205 silly fetch manifest braces@^3.0.3
206 silly packumentCache full:https://registry.npmjs.org/braces cache-miss
207 http fetch GET 200 https://registry.npmjs.org/braces 8ms (cache hit)
208 silly packumentCache full:https://registry.npmjs.org/braces set size:114529 disposed:false
209 silly fetch manifest picomatch@^2.3.1
210 silly packumentCache full:https://registry.npmjs.org/picomatch cache-miss
211 http fetch GET 200 https://registry.npmjs.org/is-extglob 87ms (cache miss)
212 silly packumentCache full:https://registry.npmjs.org/is-extglob set size:undefined disposed:false
213 silly fetch manifest nanoid@^3.3.11
214 silly packumentCache full:https://registry.npmjs.org/nanoid cache-miss
215 http fetch GET 200 https://registry.npmjs.org/merge2 102ms (cache miss)
216 silly packumentCache full:https://registry.npmjs.org/merge2 set size:undefined disposed:false
217 silly fetch manifest source-map-js@^1.2.1
218 silly packumentCache full:https://registry.npmjs.org/source-map-js cache-miss
219 http fetch GET 200 https://registry.npmjs.org/picomatch 83ms (cache miss)
220 silly packumentCache full:https://registry.npmjs.org/picomatch set size:undefined disposed:false
221 silly fetch manifest resolve@^1.1.7
222 silly packumentCache full:https://registry.npmjs.org/resolve cache-miss
223 http fetch GET 200 https://registry.npmjs.org/resolve 10ms (cache hit)
224 silly packumentCache full:https://registry.npmjs.org/resolve set size:243806 disposed:false
225 silly fetch manifest read-cache@^1.0.0
226 silly packumentCache full:https://registry.npmjs.org/read-cache cache-miss
227 http fetch GET 200 https://registry.npmjs.org/source-map-js 93ms (cache miss)
228 silly packumentCache full:https://registry.npmjs.org/source-map-js set size:undefined disposed:false
229 silly fetch manifest postcss-value-parser@^4.0.0
230 silly packumentCache full:https://registry.npmjs.org/postcss-value-parser cache-miss
231 http fetch GET 200 https://registry.npmjs.org/nanoid 138ms (cache miss)
232 silly packumentCache full:https://registry.npmjs.org/nanoid set size:undefined disposed:false
233 silly fetch manifest camelcase-css@^2.0.1
234 silly packumentCache full:https://registry.npmjs.org/camelcase-css cache-miss
235 http fetch GET 200 https://registry.npmjs.org/read-cache 75ms (cache miss)
236 silly packumentCache full:https://registry.npmjs.org/read-cache set size:undefined disposed:false
237 silly fetch manifest yaml@^2.3.4
238 silly packumentCache full:https://registry.npmjs.org/yaml cache-miss
239 http fetch GET 200 https://registry.npmjs.org/postcss-value-parser 82ms (cache miss)
240 silly packumentCache full:https://registry.npmjs.org/postcss-value-parser set size:undefined disposed:false
241 silly fetch manifest lilconfig@^3.0.0
242 silly packumentCache full:https://registry.npmjs.org/lilconfig cache-miss
243 http fetch GET 200 https://registry.npmjs.org/lilconfig 16ms (cache hit)
244 silly packumentCache full:https://registry.npmjs.org/lilconfig set size:45636 disposed:false
245 silly fetch manifest postcss-selector-parser@^6.1.1
246 silly packumentCache full:https://registry.npmjs.org/postcss-selector-parser cache-miss
247 http fetch GET 200 https://registry.npmjs.org/postcss-selector-parser 35ms (cache hit)
248 silly packumentCache full:https://registry.npmjs.org/postcss-selector-parser set size:174136 disposed:false
249 silly fetch manifest cssesc@^3.0.0
250 silly packumentCache full:https://registry.npmjs.org/cssesc cache-miss
251 http fetch GET 200 https://registry.npmjs.org/yaml 108ms (cache miss)
252 silly packumentCache full:https://registry.npmjs.org/yaml set size:undefined disposed:false
253 silly fetch manifest util-deprecate@^1.0.2
254 silly packumentCache full:https://registry.npmjs.org/util-deprecate cache-miss
255 http fetch GET 200 https://registry.npmjs.org/camelcase-css 123ms (cache miss)
256 silly packumentCache full:https://registry.npmjs.org/camelcase-css set size:undefined disposed:false
257 silly fetch manifest is-core-module@^2.16.0
258 silly packumentCache full:https://registry.npmjs.org/is-core-module cache-miss
259 http fetch GET 200 https://registry.npmjs.org/util-deprecate 100ms (cache miss)
260 silly packumentCache full:https://registry.npmjs.org/util-deprecate set size:undefined disposed:false
261 silly fetch manifest path-parse@^1.0.7
262 silly packumentCache full:https://registry.npmjs.org/path-parse cache-miss
263 http fetch GET 200 https://registry.npmjs.org/cssesc 131ms (cache miss)
264 silly packumentCache full:https://registry.npmjs.org/cssesc set size:undefined disposed:false
265 silly fetch manifest supports-preserve-symlinks-flag@^1.0.0
266 silly packumentCache full:https://registry.npmjs.org/supports-preserve-symlinks-flag cache-miss
267 http fetch GET 200 https://registry.npmjs.org/is-core-module 139ms (cache miss)
268 silly packumentCache full:https://registry.npmjs.org/is-core-module set size:undefined disposed:false
269 silly fetch manifest @jridgewell/gen-mapping@^0.3.2
270 silly packumentCache full:https://registry.npmjs.org/@jridgewell%2fgen-mapping cache-miss
271 http fetch GET 200 https://registry.npmjs.org/path-parse 104ms (cache miss)
272 silly packumentCache full:https://registry.npmjs.org/path-parse set size:undefined disposed:false
273 silly fetch manifest commander@^4.0.0
274 silly packumentCache full:https://registry.npmjs.org/commander cache-miss
275 http fetch GET 200 https://registry.npmjs.org/supports-preserve-symlinks-flag 105ms (cache miss)
276 silly packumentCache full:https://registry.npmjs.org/supports-preserve-symlinks-flag set size:undefined disposed:false
277 silly fetch manifest glob@^10.3.10
278 silly packumentCache full:https://registry.npmjs.org/glob cache-miss
279 http fetch GET 200 https://registry.npmjs.org/glob 175ms (cache miss)
280 silly packumentCache full:https://registry.npmjs.org/glob set size:undefined disposed:false
281 silly fetch manifest lines-and-columns@^1.1.6
282 silly packumentCache full:https://registry.npmjs.org/lines-and-columns cache-miss
283 http fetch GET 200 https://registry.npmjs.org/commander 191ms (cache miss)
284 silly packumentCache full:https://registry.npmjs.org/commander set size:undefined disposed:false
285 silly fetch manifest mz@^2.7.0
286 silly packumentCache full:https://registry.npmjs.org/mz cache-miss
287 http fetch GET 200 https://registry.npmjs.org/@jridgewell%2fgen-mapping 269ms (cache miss)
288 silly packumentCache full:https://registry.npmjs.org/@jridgewell%2fgen-mapping set size:undefined disposed:false
289 silly fetch manifest pirates@^4.0.1
290 silly packumentCache full:https://registry.npmjs.org/pirates cache-miss
291 http fetch GET 200 https://registry.npmjs.org/mz 95ms (cache miss)
292 silly packumentCache full:https://registry.npmjs.org/mz set size:undefined disposed:false
293 silly fetch manifest ts-interface-checker@^0.1.9
294 silly packumentCache full:https://registry.npmjs.org/ts-interface-checker cache-miss
295 http fetch GET 200 https://registry.npmjs.org/lines-and-columns 118ms (cache miss)
296 silly packumentCache full:https://registry.npmjs.org/lines-and-columns set size:undefined disposed:false
297 http fetch GET 200 https://registry.npmjs.org/pirates 123ms (cache miss)
298 silly packumentCache full:https://registry.npmjs.org/pirates set size:undefined disposed:false
299 http fetch GET 200 https://registry.npmjs.org/ts-interface-checker 96ms (cache miss)
300 silly packumentCache full:https://registry.npmjs.org/ts-interface-checker set size:undefined disposed:false
301 silly placeDep ROOT anymatch@3.1.3 OK for: chokidar@3.6.0 want: ~3.1.2
302 silly placeDep ROOT braces@3.0.3 OK for: chokidar@3.6.0 want: ~3.0.2
303 silly placeDep ROOT fsevents@2.3.3 OK for: chokidar@3.6.0 want: ~2.3.2
304 silly placeDep node_modules/chokidar glob-parent@5.1.2 OK for: chokidar@3.6.0 want: ~5.1.2
305 silly placeDep ROOT is-binary-path@2.1.0 OK for: chokidar@3.6.0 want: ~2.1.0
306 silly placeDep ROOT readdirp@3.6.0 OK for: chokidar@3.6.0 want: ~3.6.0
307 silly fetch manifest picomatch@^2.0.4
308 silly packumentCache full:https://registry.npmjs.org/picomatch cache-miss
309 silly fetch manifest fill-range@^7.1.1
310 silly packumentCache full:https://registry.npmjs.org/fill-range cache-miss
311 silly fetch manifest binary-extensions@^2.0.0
312 silly packumentCache full:https://registry.npmjs.org/binary-extensions cache-miss
313 http fetch GET 200 https://registry.npmjs.org/picomatch 9ms (cache hit)
314 silly packumentCache full:https://registry.npmjs.org/picomatch set size:118818 disposed:false
315 silly fetch manifest picomatch@^2.2.1
316 silly packumentCache full:https://registry.npmjs.org/picomatch cache-hit
317 http fetch GET 200 https://registry.npmjs.org/binary-extensions 109ms (cache miss)
318 silly packumentCache full:https://registry.npmjs.org/binary-extensions set size:undefined disposed:false
319 http fetch GET 200 https://registry.npmjs.org/fill-range 125ms (cache miss)
320 silly packumentCache full:https://registry.npmjs.org/fill-range set size:undefined disposed:false
321 silly placeDep ROOT picomatch@2.3.1 OK for: anymatch@3.1.3 want: ^2.0.4
322 silly placeDep ROOT fill-range@7.1.1 OK for: braces@3.0.3 want: ^7.1.1
323 silly fetch manifest to-regex-range@^5.0.1
324 silly packumentCache full:https://registry.npmjs.org/to-regex-range cache-miss
325 http fetch GET 200 https://registry.npmjs.org/to-regex-range 91ms (cache miss)
326 silly packumentCache full:https://registry.npmjs.org/to-regex-range set size:undefined disposed:false
327 silly placeDep ROOT @nodelib/fs.stat@2.0.5 OK for: fast-glob@3.3.3 want: ^2.0.2
328 silly placeDep ROOT @nodelib/fs.walk@1.2.8 OK for: fast-glob@3.3.3 want: ^1.2.3
329 silly placeDep node_modules/fast-glob glob-parent@5.1.2 OK for: fast-glob@3.3.3 want: ^5.1.2
330 silly placeDep ROOT merge2@1.4.1 OK for: fast-glob@3.3.3 want: ^1.3.0
331 silly fetch manifest fastq@^1.6.0
332 silly packumentCache full:https://registry.npmjs.org/fastq cache-miss
333 silly fetch manifest @nodelib/fs.scandir@2.1.5
334 silly packumentCache full:https://registry.npmjs.org/@nodelib%2ffs.scandir cache-miss
335 http fetch GET 200 https://registry.npmjs.org/fastq 90ms (cache miss)
336 silly packumentCache full:https://registry.npmjs.org/fastq set size:undefined disposed:false
337 http fetch GET 200 https://registry.npmjs.org/@nodelib%2ffs.scandir 142ms (cache miss)
338 silly packumentCache full:https://registry.npmjs.org/@nodelib%2ffs.scandir set size:undefined disposed:false
339 silly placeDep ROOT @nodelib/fs.scandir@2.1.5 OK for: @nodelib/fs.walk@1.2.8 want: 2.1.5
340 silly placeDep ROOT fastq@1.19.1 OK for: @nodelib/fs.walk@1.2.8 want: ^1.6.0
341 silly fetch manifest run-parallel@^1.1.9
342 silly packumentCache full:https://registry.npmjs.org/run-parallel cache-miss
343 silly fetch manifest reusify@^1.0.4
344 silly packumentCache full:https://registry.npmjs.org/reusify cache-miss
345 http fetch GET 200 https://registry.npmjs.org/reusify 131ms (cache miss)
346 silly packumentCache full:https://registry.npmjs.org/reusify set size:undefined disposed:false
347 http fetch GET 200 https://registry.npmjs.org/run-parallel 133ms (cache miss)
348 silly packumentCache full:https://registry.npmjs.org/run-parallel set size:undefined disposed:false
349 silly placeDep ROOT run-parallel@1.2.0 OK for: @nodelib/fs.scandir@2.1.5 want: ^1.1.9
350 silly fetch manifest queue-microtask@^1.2.2
351 silly packumentCache full:https://registry.npmjs.org/queue-microtask cache-miss
352 http fetch GET 200 https://registry.npmjs.org/queue-microtask 243ms (cache miss)
353 silly packumentCache full:https://registry.npmjs.org/queue-microtask set size:undefined disposed:false
354 silly placeDep ROOT reusify@1.1.0 OK for: fastq@1.19.1 want: ^1.0.4
355 silly placeDep ROOT to-regex-range@5.0.1 OK for: fill-range@7.1.1 want: ^5.0.1
356 silly fetch manifest is-number@^7.0.0
357 silly packumentCache full:https://registry.npmjs.org/is-number cache-miss
358 http fetch GET 200 https://registry.npmjs.org/is-number 153ms (cache miss)
359 silly packumentCache full:https://registry.npmjs.org/is-number set size:undefined disposed:false
360 silly placeDep ROOT binary-extensions@2.3.0 OK for: is-binary-path@2.1.0 want: ^2.0.0
361 silly placeDep ROOT is-extglob@2.1.1 OK for: is-glob@4.0.3 want: ^2.1.1
362 silly placeDep ROOT nanoid@3.3.11 OK for: postcss@8.5.6 want: ^3.3.11
363 silly placeDep ROOT source-map-js@1.2.1 OK for: postcss@8.5.6 want: ^1.2.1
364 silly placeDep ROOT postcss-value-parser@4.2.0 OK for: postcss-import@15.1.0 want: ^4.0.0
365 silly placeDep ROOT read-cache@1.0.0 OK for: postcss-import@15.1.0 want: ^1.0.0
366 silly fetch manifest pify@^2.3.0
367 silly packumentCache full:https://registry.npmjs.org/pify cache-miss
368 http fetch GET 200 https://registry.npmjs.org/pify 83ms (cache miss)
369 silly packumentCache full:https://registry.npmjs.org/pify set size:undefined disposed:false
370 silly placeDep ROOT camelcase-css@2.0.1 OK for: postcss-js@4.0.1 want: ^2.0.1
371 silly placeDep node_modules/postcss-load-config lilconfig@3.1.3 OK for: postcss-load-config@4.0.2 want: ^3.0.0
372 silly placeDep ROOT yaml@2.8.1 OK for: postcss-load-config@4.0.2 want: ^2.3.4
373 silly placeDep ROOT cssesc@3.0.0 OK for: postcss-selector-parser@6.1.2 want: ^3.0.0
374 silly placeDep ROOT util-deprecate@1.0.2 OK for: postcss-selector-parser@6.1.2 want: ^1.0.2
375 silly placeDep ROOT pify@2.3.0 OK for: read-cache@1.0.0 want: ^2.3.0
376 silly placeDep ROOT is-core-module@2.16.1 OK for: resolve@1.22.10 want: ^2.16.0
377 silly placeDep ROOT path-parse@1.0.7 OK for: resolve@1.22.10 want: ^1.0.7
378 silly placeDep ROOT supports-preserve-symlinks-flag@1.0.0 OK for: resolve@1.22.10 want: ^1.0.0
379 silly fetch manifest hasown@^2.0.2
380 silly packumentCache full:https://registry.npmjs.org/hasown cache-miss
381 http fetch GET 200 https://registry.npmjs.org/hasown 114ms (cache miss)
382 silly packumentCache full:https://registry.npmjs.org/hasown set size:undefined disposed:false
383 silly placeDep ROOT hasown@2.0.2 OK for: is-core-module@2.16.1 want: ^2.0.2
384 silly fetch manifest function-bind@^1.1.2
385 silly packumentCache full:https://registry.npmjs.org/function-bind cache-miss
386 http fetch GET 200 https://registry.npmjs.org/function-bind 120ms (cache miss)
387 silly packumentCache full:https://registry.npmjs.org/function-bind set size:undefined disposed:false
388 silly placeDep ROOT function-bind@1.1.2 OK for: hasown@2.0.2 want: ^1.1.2
389 silly placeDep ROOT queue-microtask@1.2.3 OK for: run-parallel@1.2.0 want: ^1.2.2
390 silly placeDep ROOT @jridgewell/gen-mapping@0.3.13 OK for: sucrase@3.35.0 want: ^0.3.2
391 silly placeDep ROOT commander@4.1.1 OK for: sucrase@3.35.0 want: ^4.0.0
392 silly placeDep ROOT glob@10.4.5 OK for: sucrase@3.35.0 want: ^10.3.10
393 silly placeDep ROOT lines-and-columns@1.2.4 OK for: sucrase@3.35.0 want: ^1.1.6
394 silly placeDep ROOT mz@2.7.0 OK for: sucrase@3.35.0 want: ^2.7.0
395 silly placeDep ROOT pirates@4.0.7 OK for: sucrase@3.35.0 want: ^4.0.1
396 silly placeDep ROOT ts-interface-checker@0.1.13 OK for: sucrase@3.35.0 want: ^0.1.9
397 silly fetch manifest @jridgewell/sourcemap-codec@^1.5.0
398 silly packumentCache full:https://registry.npmjs.org/@jridgewell%2fsourcemap-codec cache-miss
399 silly fetch manifest @jridgewell/trace-mapping@^0.3.24
400 silly packumentCache full:https://registry.npmjs.org/@jridgewell%2ftrace-mapping cache-miss
401 silly fetch manifest minipass@^7.1.2
402 silly packumentCache full:https://registry.npmjs.org/minipass cache-miss
403 http fetch GET 200 https://registry.npmjs.org/@jridgewell%2fsourcemap-codec 132ms (cache miss)
404 silly packumentCache full:https://registry.npmjs.org/@jridgewell%2fsourcemap-codec set size:undefined disposed:false
405 silly fetch manifest jackspeak@^3.1.2
406 silly packumentCache full:https://registry.npmjs.org/jackspeak cache-miss
407 http fetch GET 200 https://registry.npmjs.org/minipass 152ms (cache miss)
408 silly packumentCache full:https://registry.npmjs.org/minipass set size:undefined disposed:false
409 silly fetch manifest minimatch@^9.0.4
410 silly packumentCache full:https://registry.npmjs.org/minimatch cache-miss
411 http fetch GET 200 https://registry.npmjs.org/@jridgewell%2ftrace-mapping 186ms (cache miss)
412 silly packumentCache full:https://registry.npmjs.org/@jridgewell%2ftrace-mapping set size:undefined disposed:false
413 silly fetch manifest path-scurry@^1.11.1
414 silly packumentCache full:https://registry.npmjs.org/path-scurry cache-miss
415 http fetch GET 200 https://registry.npmjs.org/jackspeak 98ms (cache miss)
416 silly packumentCache full:https://registry.npmjs.org/jackspeak set size:undefined disposed:false
417 silly fetch manifest foreground-child@^3.1.0
418 silly packumentCache full:https://registry.npmjs.org/foreground-child cache-miss
419 http fetch GET 200 https://registry.npmjs.org/path-scurry 260ms (cache miss)
420 silly packumentCache full:https://registry.npmjs.org/path-scurry set size:undefined disposed:false
421 silly fetch manifest package-json-from-dist@^1.0.0
422 silly packumentCache full:https://registry.npmjs.org/package-json-from-dist cache-miss
423 http fetch GET 200 https://registry.npmjs.org/foreground-child 219ms (cache miss)
424 silly packumentCache full:https://registry.npmjs.org/foreground-child set size:undefined disposed:false
425 silly fetch manifest any-promise@^1.0.0
426 silly packumentCache full:https://registry.npmjs.org/any-promise cache-miss
427 http fetch GET 200 https://registry.npmjs.org/minimatch 298ms (cache miss)
428 silly packumentCache full:https://registry.npmjs.org/minimatch set size:undefined disposed:false
429 silly fetch manifest object-assign@^4.0.1
430 silly packumentCache full:https://registry.npmjs.org/object-assign cache-miss
431 http fetch GET 200 https://registry.npmjs.org/object-assign 111ms (cache miss)
432 silly packumentCache full:https://registry.npmjs.org/object-assign set size:undefined disposed:false
433 silly fetch manifest thenify-all@^1.0.0
434 silly packumentCache full:https://registry.npmjs.org/thenify-all cache-miss
435 http fetch GET 200 https://registry.npmjs.org/package-json-from-dist 123ms (cache miss)
436 silly packumentCache full:https://registry.npmjs.org/package-json-from-dist set size:undefined disposed:false
437 http fetch GET 200 https://registry.npmjs.org/any-promise 131ms (cache miss)
438 silly packumentCache full:https://registry.npmjs.org/any-promise set size:undefined disposed:false
439 http fetch GET 200 https://registry.npmjs.org/thenify-all 88ms (cache miss)
440 silly packumentCache full:https://registry.npmjs.org/thenify-all set size:undefined disposed:false
441 silly placeDep ROOT @jridgewell/sourcemap-codec@1.5.5 OK for: @jridgewell/gen-mapping@0.3.13 want: ^1.5.0
442 silly placeDep ROOT @jridgewell/trace-mapping@0.3.30 OK for: @jridgewell/gen-mapping@0.3.13 want: ^0.3.24
443 silly fetch manifest @jridgewell/resolve-uri@^3.1.0
444 silly packumentCache full:https://registry.npmjs.org/@jridgewell%2fresolve-uri cache-miss
445 http fetch GET 200 https://registry.npmjs.org/@jridgewell%2fresolve-uri 150ms (cache miss)
446 silly packumentCache full:https://registry.npmjs.org/@jridgewell%2fresolve-uri set size:undefined disposed:false
447 silly placeDep ROOT @jridgewell/resolve-uri@3.1.2 OK for: @jridgewell/trace-mapping@0.3.30 want: ^3.1.0
448 silly placeDep ROOT foreground-child@3.3.1 OK for: glob@10.4.5 want: ^3.1.0
449 silly placeDep ROOT jackspeak@3.4.3 OK for: glob@10.4.5 want: ^3.1.2
450 silly placeDep ROOT minimatch@9.0.5 OK for: glob@10.4.5 want: ^9.0.4
451 silly placeDep ROOT minipass@7.1.2 OK for: glob@10.4.5 want: ^7.1.2
452 silly placeDep ROOT package-json-from-dist@1.0.1 OK for: glob@10.4.5 want: ^1.0.0
453 silly placeDep ROOT path-scurry@1.11.1 OK for: glob@10.4.5 want: ^1.11.1
454 silly fetch manifest cross-spawn@^7.0.6
455 silly packumentCache full:https://registry.npmjs.org/cross-spawn cache-miss
456 silly fetch manifest signal-exit@^4.0.1
457 silly packumentCache full:https://registry.npmjs.org/signal-exit cache-miss
458 silly fetch manifest @isaacs/cliui@^8.0.2
459 silly packumentCache full:https://registry.npmjs.org/@isaacs%2fcliui cache-miss
460 http fetch GET 200 https://registry.npmjs.org/signal-exit 91ms (cache miss)
461 silly packumentCache full:https://registry.npmjs.org/signal-exit set size:undefined disposed:false
462 silly fetch manifest @pkgjs/parseargs@^0.11.0
463 silly packumentCache full:https://registry.npmjs.org/@pkgjs%2fparseargs cache-miss
464 http fetch GET 200 https://registry.npmjs.org/@isaacs%2fcliui 99ms (cache miss)
465 silly packumentCache full:https://registry.npmjs.org/@isaacs%2fcliui set size:undefined disposed:false
466 silly fetch manifest brace-expansion@^2.0.1
467 silly packumentCache full:https://registry.npmjs.org/brace-expansion cache-miss
468 http fetch GET 200 https://registry.npmjs.org/cross-spawn 135ms (cache miss)
469 silly packumentCache full:https://registry.npmjs.org/cross-spawn set size:undefined disposed:false
470 silly fetch manifest lru-cache@^10.2.0
471 silly packumentCache full:https://registry.npmjs.org/lru-cache cache-miss
472 http fetch GET 200 https://registry.npmjs.org/brace-expansion 108ms (cache miss)
473 silly packumentCache full:https://registry.npmjs.org/brace-expansion set size:undefined disposed:false
474 http fetch GET 200 https://registry.npmjs.org/@pkgjs%2fparseargs 166ms (cache miss)
475 silly packumentCache full:https://registry.npmjs.org/@pkgjs%2fparseargs set size:undefined disposed:false
476 http fetch GET 200 https://registry.npmjs.org/lru-cache 141ms (cache miss)
477 silly packumentCache full:https://registry.npmjs.org/lru-cache set size:undefined disposed:false
478 silly placeDep ROOT cross-spawn@7.0.6 OK for: foreground-child@3.3.1 want: ^7.0.6
479 silly placeDep ROOT signal-exit@4.1.0 OK for: foreground-child@3.3.1 want: ^4.0.1
480 silly fetch manifest which@^2.0.1
481 silly packumentCache full:https://registry.npmjs.org/which cache-miss
482 silly fetch manifest path-key@^3.1.0
483 silly packumentCache full:https://registry.npmjs.org/path-key cache-miss
484 silly fetch manifest shebang-command@^2.0.0
485 silly packumentCache full:https://registry.npmjs.org/shebang-command cache-miss
486 http fetch GET 200 https://registry.npmjs.org/path-key 106ms (cache miss)
487 silly packumentCache full:https://registry.npmjs.org/path-key set size:undefined disposed:false
488 http fetch GET 200 https://registry.npmjs.org/shebang-command 108ms (cache miss)
489 silly packumentCache full:https://registry.npmjs.org/shebang-command set size:undefined disposed:false
490 http fetch GET 200 https://registry.npmjs.org/which 112ms (cache miss)
491 silly packumentCache full:https://registry.npmjs.org/which set size:undefined disposed:false
492 silly placeDep ROOT path-key@3.1.1 OK for: cross-spawn@7.0.6 want: ^3.1.0
493 silly placeDep ROOT shebang-command@2.0.0 OK for: cross-spawn@7.0.6 want: ^2.0.0
494 silly placeDep ROOT which@2.0.2 OK for: cross-spawn@7.0.6 want: ^2.0.1
495 silly fetch manifest shebang-regex@^3.0.0
496 silly packumentCache full:https://registry.npmjs.org/shebang-regex cache-miss
497 silly fetch manifest isexe@^2.0.0
498 silly packumentCache full:https://registry.npmjs.org/isexe cache-miss
499 http fetch GET 200 https://registry.npmjs.org/shebang-regex 72ms (cache miss)
500 silly packumentCache full:https://registry.npmjs.org/shebang-regex set size:undefined disposed:false
501 http fetch GET 200 https://registry.npmjs.org/isexe 117ms (cache miss)
502 silly packumentCache full:https://registry.npmjs.org/isexe set size:undefined disposed:false
503 silly placeDep ROOT @isaacs/cliui@8.0.2 OK for: jackspeak@3.4.3 want: ^8.0.2
504 silly placeDep ROOT @pkgjs/parseargs@0.11.0 OK for: jackspeak@3.4.3 want: ^0.11.0
505 silly fetch manifest string-width@^5.1.2
506 silly packumentCache full:https://registry.npmjs.org/string-width cache-miss
507 silly fetch manifest string-width-cjs@npm:string-width@^4.2.0
508 silly packumentCache full:https://registry.npmjs.org/string-width cache-miss
509 silly fetch manifest strip-ansi@^7.0.1
510 silly packumentCache full:https://registry.npmjs.org/strip-ansi cache-miss
511 http fetch GET 200 https://registry.npmjs.org/string-width 76ms (cache miss)
512 silly packumentCache full:https://registry.npmjs.org/string-width set size:undefined disposed:false
513 silly fetch manifest strip-ansi-cjs@npm:strip-ansi@^6.0.1
514 silly packumentCache full:https://registry.npmjs.org/strip-ansi cache-miss
515 http fetch GET 200 https://registry.npmjs.org/strip-ansi 88ms (cache miss)
516 silly packumentCache full:https://registry.npmjs.org/strip-ansi set size:undefined disposed:false
517 silly fetch manifest wrap-ansi@^8.1.0
518 silly packumentCache full:https://registry.npmjs.org/wrap-ansi cache-miss
519 http fetch GET 200 https://registry.npmjs.org/string-width 96ms (cache miss)
520 silly packumentCache full:https://registry.npmjs.org/string-width set size:undefined disposed:false
521 silly fetch manifest wrap-ansi-cjs@npm:wrap-ansi@^7.0.0
522 silly packumentCache full:https://registry.npmjs.org/wrap-ansi cache-miss
523 http fetch GET 200 https://registry.npmjs.org/strip-ansi 75ms (cache miss)
524 silly packumentCache full:https://registry.npmjs.org/strip-ansi set size:undefined disposed:false
525 http fetch GET 200 https://registry.npmjs.org/wrap-ansi 92ms (cache miss)
526 silly packumentCache full:https://registry.npmjs.org/wrap-ansi set size:undefined disposed:false
527 http fetch GET 200 https://registry.npmjs.org/wrap-ansi 87ms (cache miss)
528 silly packumentCache full:https://registry.npmjs.org/wrap-ansi set size:undefined disposed:false
529 silly placeDep ROOT string-width@5.1.2 OK for: @isaacs/cliui@8.0.2 want: ^5.1.2
530 silly placeDep ROOT string-width-cjs@4.2.3 OK for: @isaacs/cliui@8.0.2 want: npm:string-width@^4.2.0
531 silly placeDep ROOT strip-ansi@7.1.0 OK for: @isaacs/cliui@8.0.2 want: ^7.0.1
532 silly placeDep ROOT strip-ansi-cjs@6.0.1 OK for: @isaacs/cliui@8.0.2 want: npm:strip-ansi@^6.0.1
533 silly placeDep ROOT wrap-ansi@8.1.0 OK for: @isaacs/cliui@8.0.2 want: ^8.1.0
534 silly placeDep ROOT wrap-ansi-cjs@7.0.0 OK for: @isaacs/cliui@8.0.2 want: npm:wrap-ansi@^7.0.0
535 silly fetch manifest emoji-regex@^9.2.2
536 silly packumentCache full:https://registry.npmjs.org/emoji-regex cache-miss
537 silly fetch manifest eastasianwidth@^0.2.0
538 silly packumentCache full:https://registry.npmjs.org/eastasianwidth cache-miss
539 silly fetch manifest strip-ansi@^6.0.1
540 silly packumentCache full:https://registry.npmjs.org/strip-ansi cache-miss
541 http fetch GET 200 https://registry.npmjs.org/strip-ansi 7ms (cache hit)
542 silly packumentCache full:https://registry.npmjs.org/strip-ansi set size:43180 disposed:false
543 silly fetch manifest emoji-regex@^8.0.0
544 silly packumentCache full:https://registry.npmjs.org/emoji-regex cache-miss
545 http fetch GET 200 https://registry.npmjs.org/emoji-regex 88ms (cache miss)
546 silly packumentCache full:https://registry.npmjs.org/emoji-regex set size:undefined disposed:false
547 silly fetch manifest is-fullwidth-code-point@^3.0.0
548 silly packumentCache full:https://registry.npmjs.org/is-fullwidth-code-point cache-miss
549 http fetch GET 200 https://registry.npmjs.org/emoji-regex 85ms (cache miss)
550 silly packumentCache full:https://registry.npmjs.org/emoji-regex set size:undefined disposed:false
551 silly fetch manifest ansi-regex@^6.0.1
552 silly packumentCache full:https://registry.npmjs.org/ansi-regex cache-miss
553 http fetch GET 200 https://registry.npmjs.org/eastasianwidth 133ms (cache miss)
554 silly packumentCache full:https://registry.npmjs.org/eastasianwidth set size:undefined disposed:false
555 silly fetch manifest ansi-regex@^5.0.1
556 silly packumentCache full:https://registry.npmjs.org/ansi-regex cache-miss
557 http fetch GET 200 https://registry.npmjs.org/is-fullwidth-code-point 82ms (cache miss)
558 silly packumentCache full:https://registry.npmjs.org/is-fullwidth-code-point set size:undefined disposed:false
559 silly fetch manifest ansi-styles@^6.1.0
560 silly packumentCache full:https://registry.npmjs.org/ansi-styles cache-miss
561 http fetch GET 200 https://registry.npmjs.org/ansi-regex 94ms (cache miss)
562 silly packumentCache full:https://registry.npmjs.org/ansi-regex set size:undefined disposed:false
563 silly fetch manifest ansi-styles@^4.0.0
564 silly packumentCache full:https://registry.npmjs.org/ansi-styles cache-miss
565 http fetch GET 200 https://registry.npmjs.org/ansi-regex 90ms (cache miss)
566 silly packumentCache full:https://registry.npmjs.org/ansi-regex set size:undefined disposed:false
567 silly fetch manifest string-width@^4.1.0
568 silly packumentCache full:https://registry.npmjs.org/string-width cache-miss
569 http fetch GET 200 https://registry.npmjs.org/string-width 4ms (cache hit)
570 silly packumentCache full:https://registry.npmjs.org/string-width set size:61460 disposed:false
571 silly fetch manifest strip-ansi@^6.0.0
572 silly packumentCache full:https://registry.npmjs.org/strip-ansi cache-hit
573 http fetch GET 200 https://registry.npmjs.org/ansi-styles 85ms (cache miss)
574 silly packumentCache full:https://registry.npmjs.org/ansi-styles set size:undefined disposed:false
575 http fetch GET 200 https://registry.npmjs.org/ansi-styles 109ms (cache miss)
576 silly packumentCache full:https://registry.npmjs.org/ansi-styles set size:undefined disposed:false
577 silly placeDep ROOT brace-expansion@2.0.2 OK for: minimatch@9.0.5 want: ^2.0.1
578 silly fetch manifest balanced-match@^1.0.0
579 silly packumentCache full:https://registry.npmjs.org/balanced-match cache-miss
580 http fetch GET 200 https://registry.npmjs.org/balanced-match 128ms (cache miss)
581 silly packumentCache full:https://registry.npmjs.org/balanced-match set size:undefined disposed:false
582 silly placeDep ROOT balanced-match@1.0.2 OK for: brace-expansion@2.0.2 want: ^1.0.0
583 silly placeDep ROOT any-promise@1.3.0 OK for: mz@2.7.0 want: ^1.0.0
584 silly placeDep ROOT object-assign@4.1.1 OK for: mz@2.7.0 want: ^4.0.1
585 silly placeDep ROOT thenify-all@1.6.0 OK for: mz@2.7.0 want: ^1.0.0
586 silly fetch manifest thenify@>= 3.1.0 < 4
587 silly packumentCache full:https://registry.npmjs.org/thenify cache-miss
588 http fetch GET 200 https://registry.npmjs.org/thenify 77ms (cache miss)
589 silly packumentCache full:https://registry.npmjs.org/thenify set size:undefined disposed:false
590 silly placeDep ROOT lru-cache@10.4.3 OK for: path-scurry@1.11.1 want: ^10.2.0
591 silly placeDep ROOT shebang-regex@3.0.0 OK for: shebang-command@2.0.0 want: ^3.0.0
592 silly placeDep ROOT eastasianwidth@0.2.0 OK for: string-width@5.1.2 want: ^0.2.0
593 silly placeDep ROOT emoji-regex@9.2.2 OK for: string-width@5.1.2 want: ^9.2.2
594 silly placeDep node_modules/string-width-cjs emoji-regex@8.0.0 OK for: string-width@4.2.3 want: ^8.0.0
595 silly placeDep ROOT is-fullwidth-code-point@3.0.0 OK for: string-width@4.2.3 want: ^3.0.0
596 silly placeDep node_modules/string-width-cjs strip-ansi@6.0.1 OK for: string-width@4.2.3 want: ^6.0.1
597 silly placeDep ROOT ansi-regex@6.2.0 OK for: strip-ansi@7.1.0 want: ^6.0.1
598 silly placeDep node_modules/strip-ansi-cjs ansi-regex@5.0.1 OK for: strip-ansi@6.0.1 want: ^5.0.1
599 silly placeDep ROOT thenify@3.3.1 OK for: thenify-all@1.6.0 want: >= 3.1.0 < 4
600 silly placeDep ROOT is-number@7.0.0 OK for: to-regex-range@5.0.1 want: ^7.0.0
601 silly placeDep ROOT isexe@2.0.0 OK for: which@2.0.2 want: ^2.0.0
602 silly placeDep ROOT ansi-styles@6.2.1 OK for: wrap-ansi@8.1.0 want: ^6.1.0
603 silly placeDep node_modules/wrap-ansi-cjs ansi-styles@4.3.0 OK for: wrap-ansi@7.0.0 want: ^4.0.0
604 silly placeDep node_modules/wrap-ansi-cjs string-width@4.2.3 OK for: wrap-ansi@7.0.0 want: ^4.1.0
605 silly placeDep node_modules/wrap-ansi-cjs strip-ansi@6.0.1 OK for: wrap-ansi@7.0.0 want: ^6.0.0
606 silly fetch manifest color-convert@^2.0.1
607 silly packumentCache full:https://registry.npmjs.org/color-convert cache-miss
608 http fetch GET 200 https://registry.npmjs.org/color-convert 155ms (cache miss)
609 silly packumentCache full:https://registry.npmjs.org/color-convert set size:undefined disposed:false
610 silly placeDep node_modules/string-width-cjs ansi-regex@5.0.1 OK for: strip-ansi@6.0.1 want: ^5.0.1
611 silly placeDep ROOT color-convert@2.0.1 OK for: ansi-styles@4.3.0 want: ^2.0.1
612 silly fetch manifest color-name@~1.1.4
613 silly packumentCache full:https://registry.npmjs.org/color-name cache-miss
614 http fetch GET 200 https://registry.npmjs.org/color-name 98ms (cache miss)
615 silly packumentCache full:https://registry.npmjs.org/color-name set size:undefined disposed:false
616 silly placeDep ROOT color-name@1.1.4 OK for: color-convert@2.0.1 want: ~1.1.4
617 silly placeDep node_modules/wrap-ansi-cjs emoji-regex@8.0.0 OK for: string-width@4.2.3 want: ^8.0.0
618 silly placeDep node_modules/wrap-ansi-cjs ansi-regex@5.0.1 OK for: strip-ansi@6.0.1 want: ^5.0.1
619 silly reify mark retired [
619 silly reify   'C:\\Development\\HTMX\\RosieTaylorBranding\\node_modules\\tailwindcss'
619 silly reify ]
620 silly reify moves {
620 silly reify   'C:\\Development\\HTMX\\RosieTaylorBranding\\node_modules\\tailwindcss': 'C:\\Development\\HTMX\\RosieTaylorBranding\\node_modules\\.tailwindcss-koKVxfo9'
620 silly reify }
621 silly audit bulk request {
621 silly audit   tailwindcss: [ '3.3.3' ],
621 silly audit   '@alloc/quick-lru': [ '5.2.0' ],
621 silly audit   arg: [ '5.0.2' ],
621 silly audit   chokidar: [ '3.6.0' ],
621 silly audit   didyoumean: [ '1.2.2' ],
621 silly audit   dlv: [ '1.1.3' ],
621 silly audit   'fast-glob': [ '3.3.3' ],
621 silly audit   'glob-parent': [ '6.0.2', '5.1.2' ],
621 silly audit   'is-glob': [ '4.0.3' ],
621 silly audit   jiti: [ '1.21.7' ],
621 silly audit   lilconfig: [ '2.1.0', '3.1.3' ],
621 silly audit   micromatch: [ '4.0.8' ],
621 silly audit   'normalize-path': [ '3.0.0' ],
621 silly audit   'object-hash': [ '3.0.0' ],
621 silly audit   picocolors: [ '1.1.1' ],
621 silly audit   postcss: [ '8.5.6' ],
621 silly audit   'postcss-import': [ '15.1.0' ],
621 silly audit   'postcss-js': [ '4.0.1' ],
621 silly audit   'postcss-load-config': [ '4.0.2' ],
621 silly audit   'postcss-nested': [ '6.2.0' ],
621 silly audit   'postcss-selector-parser': [ '6.1.2' ],
621 silly audit   resolve: [ '1.22.10' ],
621 silly audit   sucrase: [ '3.35.0' ],
621 silly audit   anymatch: [ '3.1.3' ],
621 silly audit   braces: [ '3.0.3' ],
621 silly audit   fsevents: [ '2.3.3' ],
621 silly audit   'is-binary-path': [ '2.1.0' ],
621 silly audit   readdirp: [ '3.6.0' ],
621 silly audit   picomatch: [ '2.3.1' ],
621 silly audit   'fill-range': [ '7.1.1' ],
621 silly audit   '@nodelib/fs.stat': [ '2.0.5' ],
621 silly audit   '@nodelib/fs.walk': [ '1.2.8' ],
621 silly audit   merge2: [ '1.4.1' ],
621 silly audit   '@nodelib/fs.scandir': [ '2.1.5' ],
621 silly audit   fastq: [ '1.19.1' ],
621 silly audit   'run-parallel': [ '1.2.0' ],
621 silly audit   reusify: [ '1.1.0' ],
621 silly audit   'to-regex-range': [ '5.0.1' ],
621 silly audit   'binary-extensions': [ '2.3.0' ],
621 silly audit   'is-extglob': [ '2.1.1' ],
621 silly audit   nanoid: [ '3.3.11' ],
621 silly audit   'source-map-js': [ '1.2.1' ],
621 silly audit   'postcss-value-parser': [ '4.2.0' ],
621 silly audit   'read-cache': [ '1.0.0' ],
621 silly audit   'camelcase-css': [ '2.0.1' ],
621 silly audit   yaml: [ '2.8.1' ],
621 silly audit   cssesc: [ '3.0.0' ],
621 silly audit   'util-deprecate': [ '1.0.2' ],
621 silly audit   pify: [ '2.3.0' ],
621 silly audit   'is-core-module': [ '2.16.1' ],
621 silly audit   'path-parse': [ '1.0.7' ],
621 silly audit   'supports-preserve-symlinks-flag': [ '1.0.0' ],
621 silly audit   hasown: [ '2.0.2' ],
621 silly audit   'function-bind': [ '1.1.2' ],
621 silly audit   'queue-microtask': [ '1.2.3' ],
621 silly audit   '@jridgewell/gen-mapping': [ '0.3.13' ],
621 silly audit   commander: [ '4.1.1' ],
621 silly audit   glob: [ '10.4.5' ],
621 silly audit   'lines-and-columns': [ '1.2.4' ],
621 silly audit   mz: [ '2.7.0' ],
621 silly audit   pirates: [ '4.0.7' ],
621 silly audit   'ts-interface-checker': [ '0.1.13' ],
621 silly audit   '@jridgewell/sourcemap-codec': [ '1.5.5' ],
621 silly audit   '@jridgewell/trace-mapping': [ '0.3.30' ],
621 silly audit   '@jridgewell/resolve-uri': [ '3.1.2' ],
621 silly audit   'foreground-child': [ '3.3.1' ],
621 silly audit   jackspeak: [ '3.4.3' ],
621 silly audit   minimatch: [ '9.0.5' ],
621 silly audit   minipass: [ '7.1.2' ],
621 silly audit   'package-json-from-dist': [ '1.0.1' ],
621 silly audit   'path-scurry': [ '1.11.1' ],
621 silly audit   'cross-spawn': [ '7.0.6' ],
621 silly audit   'signal-exit': [ '4.1.0' ],
621 silly audit   'path-key': [ '3.1.1' ],
621 silly audit   'shebang-command': [ '2.0.0' ],
621 silly audit   which: [ '2.0.2' ],
621 silly audit   '@isaacs/cliui': [ '8.0.2' ],
621 silly audit   '@pkgjs/parseargs': [ '0.11.0' ],
621 silly audit   'string-width': [ '5.1.2', '4.2.3' ],
621 silly audit   'strip-ansi': [ '7.1.0', '6.0.1' ],
621 silly audit   'wrap-ansi': [ '8.1.0', '7.0.0' ],
621 silly audit   'brace-expansion': [ '2.0.2' ],
621 silly audit   'balanced-match': [ '1.0.2' ],
621 silly audit   'any-promise': [ '1.3.0' ],
621 silly audit   'object-assign': [ '4.1.1' ],
621 silly audit   'thenify-all': [ '1.6.0' ],
621 silly audit   'lru-cache': [ '10.4.3' ],
621 silly audit   'shebang-regex': [ '3.0.0' ],
621 silly audit   eastasianwidth: [ '0.2.0' ],
621 silly audit   'emoji-regex': [ '9.2.2', '8.0.0' ],
621 silly audit   'is-fullwidth-code-point': [ '3.0.0' ],
621 silly audit   'ansi-regex': [ '6.2.0', '5.0.1' ],
621 silly audit   thenify: [ '3.3.1' ],
621 silly audit   'is-number': [ '7.0.0' ],
621 silly audit   isexe: [ '2.0.0' ],
621 silly audit   'ansi-styles': [ '6.2.1', '4.3.0' ],
621 silly audit   'color-convert': [ '2.0.1' ],
621 silly audit   'color-name': [ '1.1.4' ]
621 silly audit }
622 verbose reify failed optional dependency C:\Development\HTMX\RosieTaylorBranding\node_modules\fsevents
623 silly reify mark deleted [
623 silly reify   'C:\\Development\\HTMX\\RosieTaylorBranding\\node_modules\\fsevents'
623 silly reify ]
624 silly tarball no local data for color-name@https://registry.npmjs.org/color-name/-/color-name-1.1.4.tgz. Extracting by manifest.
625 silly tarball no local data for color-convert@https://registry.npmjs.org/color-convert/-/color-convert-2.0.1.tgz. Extracting by manifest.
626 silly tarball no local data for isexe@https://registry.npmjs.org/isexe/-/isexe-2.0.0.tgz. Extracting by manifest.
627 silly tarball no local data for ansi-styles@https://registry.npmjs.org/ansi-styles/-/ansi-styles-6.2.1.tgz. Extracting by manifest.
628 silly tarball no local data for is-number@https://registry.npmjs.org/is-number/-/is-number-7.0.0.tgz. Extracting by manifest.
629 silly tarball no local data for ansi-regex@https://registry.npmjs.org/ansi-regex/-/ansi-regex-6.2.0.tgz. Extracting by manifest.
630 silly tarball no local data for emoji-regex@https://registry.npmjs.org/emoji-regex/-/emoji-regex-9.2.2.tgz. Extracting by manifest.
631 silly tarball no local data for shebang-regex@https://registry.npmjs.org/shebang-regex/-/shebang-regex-3.0.0.tgz. Extracting by manifest.
632 silly tarball no local data for eastasianwidth@https://registry.npmjs.org/eastasianwidth/-/eastasianwidth-0.2.0.tgz. Extracting by manifest.
633 silly tarball no local data for lru-cache@https://registry.npmjs.org/lru-cache/-/lru-cache-10.4.3.tgz. Extracting by manifest.
634 silly tarball no local data for thenify-all@https://registry.npmjs.org/thenify-all/-/thenify-all-1.6.0.tgz. Extracting by manifest.
635 silly tarball no local data for is-fullwidth-code-point@https://registry.npmjs.org/is-fullwidth-code-point/-/is-fullwidth-code-point-3.0.0.tgz. Extracting by manifest.
636 silly tarball no local data for object-assign@https://registry.npmjs.org/object-assign/-/object-assign-4.1.1.tgz. Extracting by manifest.
637 silly tarball no local data for any-promise@https://registry.npmjs.org/any-promise/-/any-promise-1.3.0.tgz. Extracting by manifest.
638 silly tarball no local data for brace-expansion@https://registry.npmjs.org/brace-expansion/-/brace-expansion-2.0.2.tgz. Extracting by manifest.
639 silly tarball no local data for balanced-match@https://registry.npmjs.org/balanced-match/-/balanced-match-1.0.2.tgz. Extracting by manifest.
640 silly tarball no local data for wrap-ansi-cjs@https://registry.npmjs.org/wrap-ansi/-/wrap-ansi-7.0.0.tgz. Extracting by manifest.
641 silly tarball no local data for wrap-ansi@https://registry.npmjs.org/wrap-ansi/-/wrap-ansi-8.1.0.tgz. Extracting by manifest.
642 silly tarball no local data for strip-ansi-cjs@https://registry.npmjs.org/strip-ansi/-/strip-ansi-6.0.1.tgz. Extracting by manifest.
643 silly tarball no local data for strip-ansi@https://registry.npmjs.org/strip-ansi/-/strip-ansi-7.1.0.tgz. Extracting by manifest.
644 silly tarball no local data for string-width@https://registry.npmjs.org/string-width/-/string-width-5.1.2.tgz. Extracting by manifest.
645 silly tarball no local data for @isaacs/cliui@https://registry.npmjs.org/@isaacs/cliui/-/cliui-8.0.2.tgz. Extracting by manifest.
646 silly tarball no local data for @pkgjs/parseargs@https://registry.npmjs.org/@pkgjs/parseargs/-/parseargs-0.11.0.tgz. Extracting by manifest.
647 silly tarball no local data for string-width-cjs@https://registry.npmjs.org/string-width/-/string-width-4.2.3.tgz. Extracting by manifest.
648 silly tarball no local data for which@https://registry.npmjs.org/which/-/which-2.0.2.tgz. Extracting by manifest.
649 silly tarball no local data for signal-exit@https://registry.npmjs.org/signal-exit/-/signal-exit-4.1.0.tgz. Extracting by manifest.
650 silly tarball no local data for shebang-command@https://registry.npmjs.org/shebang-command/-/shebang-command-2.0.0.tgz. Extracting by manifest.
651 silly tarball no local data for path-key@https://registry.npmjs.org/path-key/-/path-key-3.1.1.tgz. Extracting by manifest.
652 silly tarball no local data for minipass@https://registry.npmjs.org/minipass/-/minipass-7.1.2.tgz. Extracting by manifest.
653 silly tarball no local data for cross-spawn@https://registry.npmjs.org/cross-spawn/-/cross-spawn-7.0.6.tgz. Extracting by manifest.
654 silly tarball no local data for package-json-from-dist@https://registry.npmjs.org/package-json-from-dist/-/package-json-from-dist-1.0.1.tgz. Extracting by manifest.
655 silly tarball no local data for path-scurry@https://registry.npmjs.org/path-scurry/-/path-scurry-1.11.1.tgz. Extracting by manifest.
656 silly tarball no local data for @jridgewell/resolve-uri@https://registry.npmjs.org/@jridgewell/resolve-uri/-/resolve-uri-3.1.2.tgz. Extracting by manifest.
657 silly tarball no local data for @jridgewell/sourcemap-codec@https://registry.npmjs.org/@jridgewell/sourcemap-codec/-/sourcemap-codec-1.5.5.tgz. Extracting by manifest.
658 silly tarball no local data for minimatch@https://registry.npmjs.org/minimatch/-/minimatch-9.0.5.tgz. Extracting by manifest.
659 silly tarball no local data for @jridgewell/trace-mapping@https://registry.npmjs.org/@jridgewell/trace-mapping/-/trace-mapping-0.3.30.tgz. Extracting by manifest.
660 silly tarball no local data for jackspeak@https://registry.npmjs.org/jackspeak/-/jackspeak-3.4.3.tgz. Extracting by manifest.
661 silly tarball no local data for foreground-child@https://registry.npmjs.org/foreground-child/-/foreground-child-3.3.1.tgz. Extracting by manifest.
662 silly tarball no local data for ts-interface-checker@https://registry.npmjs.org/ts-interface-checker/-/ts-interface-checker-0.1.13.tgz. Extracting by manifest.
663 silly tarball no local data for pirates@https://registry.npmjs.org/pirates/-/pirates-4.0.7.tgz. Extracting by manifest.
664 silly tarball no local data for mz@https://registry.npmjs.org/mz/-/mz-2.7.0.tgz. Extracting by manifest.
665 silly tarball no local data for lines-and-columns@https://registry.npmjs.org/lines-and-columns/-/lines-and-columns-1.2.4.tgz. Extracting by manifest.
666 silly tarball no local data for @jridgewell/gen-mapping@https://registry.npmjs.org/@jridgewell/gen-mapping/-/gen-mapping-0.3.13.tgz. Extracting by manifest.
667 silly tarball no local data for glob@https://registry.npmjs.org/glob/-/glob-10.4.5.tgz. Extracting by manifest.
668 silly tarball no local data for commander@https://registry.npmjs.org/commander/-/commander-4.1.1.tgz. Extracting by manifest.
669 silly tarball no local data for queue-microtask@https://registry.npmjs.org/queue-microtask/-/queue-microtask-1.2.3.tgz. Extracting by manifest.
670 silly tarball no local data for thenify@https://registry.npmjs.org/thenify/-/thenify-3.3.1.tgz. Extracting by manifest.
671 silly tarball no local data for hasown@https://registry.npmjs.org/hasown/-/hasown-2.0.2.tgz. Extracting by manifest.
672 silly tarball no local data for path-parse@https://registry.npmjs.org/path-parse/-/path-parse-1.0.7.tgz. Extracting by manifest.
673 silly tarball no local data for function-bind@https://registry.npmjs.org/function-bind/-/function-bind-1.1.2.tgz. Extracting by manifest.
674 silly tarball no local data for is-core-module@https://registry.npmjs.org/is-core-module/-/is-core-module-2.16.1.tgz. Extracting by manifest.
675 silly tarball no local data for supports-preserve-symlinks-flag@https://registry.npmjs.org/supports-preserve-symlinks-flag/-/supports-preserve-symlinks-flag-1.0.0.tgz. Extracting by manifest.
676 silly tarball no local data for pify@https://registry.npmjs.org/pify/-/pify-2.3.0.tgz. Extracting by manifest.
677 silly tarball no local data for util-deprecate@https://registry.npmjs.org/util-deprecate/-/util-deprecate-1.0.2.tgz. Extracting by manifest.
678 silly tarball no local data for cssesc@https://registry.npmjs.org/cssesc/-/cssesc-3.0.0.tgz. Extracting by manifest.
679 silly tarball no local data for yaml@https://registry.npmjs.org/yaml/-/yaml-2.8.1.tgz. Extracting by manifest.
680 silly tarball no local data for postcss-value-parser@https://registry.npmjs.org/postcss-value-parser/-/postcss-value-parser-4.2.0.tgz. Extracting by manifest.
681 silly tarball no local data for camelcase-css@https://registry.npmjs.org/camelcase-css/-/camelcase-css-2.0.1.tgz. Extracting by manifest.
682 silly tarball no local data for read-cache@https://registry.npmjs.org/read-cache/-/read-cache-1.0.0.tgz. Extracting by manifest.
683 silly tarball no local data for source-map-js@https://registry.npmjs.org/source-map-js/-/source-map-js-1.2.1.tgz. Extracting by manifest.
684 silly tarball no local data for nanoid@https://registry.npmjs.org/nanoid/-/nanoid-3.3.11.tgz. Extracting by manifest.
685 silly tarball no local data for is-extglob@https://registry.npmjs.org/is-extglob/-/is-extglob-2.1.1.tgz. Extracting by manifest.
686 silly tarball no local data for binary-extensions@https://registry.npmjs.org/binary-extensions/-/binary-extensions-2.3.0.tgz. Extracting by manifest.
687 silly tarball no local data for to-regex-range@https://registry.npmjs.org/to-regex-range/-/to-regex-range-5.0.1.tgz. Extracting by manifest.
688 silly tarball no local data for run-parallel@https://registry.npmjs.org/run-parallel/-/run-parallel-1.2.0.tgz. Extracting by manifest.
689 silly tarball no local data for fastq@https://registry.npmjs.org/fastq/-/fastq-1.19.1.tgz. Extracting by manifest.
690 silly tarball no local data for reusify@https://registry.npmjs.org/reusify/-/reusify-1.1.0.tgz. Extracting by manifest.
691 silly tarball no local data for merge2@https://registry.npmjs.org/merge2/-/merge2-1.4.1.tgz. Extracting by manifest.
692 silly tarball no local data for @nodelib/fs.scandir@https://registry.npmjs.org/@nodelib/fs.scandir/-/fs.scandir-2.1.5.tgz. Extracting by manifest.
693 silly tarball no local data for @nodelib/fs.stat@https://registry.npmjs.org/@nodelib/fs.stat/-/fs.stat-2.0.5.tgz. Extracting by manifest.
694 silly tarball no local data for @nodelib/fs.walk@https://registry.npmjs.org/@nodelib/fs.walk/-/fs.walk-1.2.8.tgz. Extracting by manifest.
695 silly tarball no local data for fill-range@https://registry.npmjs.org/fill-range/-/fill-range-7.1.1.tgz. Extracting by manifest.
696 silly tarball no local data for picomatch@https://registry.npmjs.org/picomatch/-/picomatch-2.3.1.tgz. Extracting by manifest.
697 silly tarball no local data for is-binary-path@https://registry.npmjs.org/is-binary-path/-/is-binary-path-2.1.0.tgz. Extracting by manifest.
698 silly tarball no local data for readdirp@https://registry.npmjs.org/readdirp/-/readdirp-3.6.0.tgz. Extracting by manifest.
699 silly tarball no local data for braces@https://registry.npmjs.org/braces/-/braces-3.0.3.tgz. Extracting by manifest.
700 silly tarball no local data for anymatch@https://registry.npmjs.org/anymatch/-/anymatch-3.1.3.tgz. Extracting by manifest.
701 silly tarball no local data for postcss-selector-parser@https://registry.npmjs.org/postcss-selector-parser/-/postcss-selector-parser-6.1.2.tgz. Extracting by manifest.
702 silly tarball no local data for sucrase@https://registry.npmjs.org/sucrase/-/sucrase-3.35.0.tgz. Extracting by manifest.
703 silly tarball no local data for postcss-nested@https://registry.npmjs.org/postcss-nested/-/postcss-nested-6.2.0.tgz. Extracting by manifest.
704 silly tarball no local data for postcss-load-config@https://registry.npmjs.org/postcss-load-config/-/postcss-load-config-4.0.2.tgz. Extracting by manifest.
705 silly tarball no local data for postcss-js@https://registry.npmjs.org/postcss-js/-/postcss-js-4.0.1.tgz. Extracting by manifest.
706 silly tarball no local data for object-hash@https://registry.npmjs.org/object-hash/-/object-hash-3.0.0.tgz. Extracting by manifest.
707 silly tarball no local data for postcss-import@https://registry.npmjs.org/postcss-import/-/postcss-import-15.1.0.tgz. Extracting by manifest.
708 silly tarball no local data for picocolors@https://registry.npmjs.org/picocolors/-/picocolors-1.1.1.tgz. Extracting by manifest.
709 silly tarball no local data for micromatch@https://registry.npmjs.org/micromatch/-/micromatch-4.0.8.tgz. Extracting by manifest.
710 silly tarball no local data for resolve@https://registry.npmjs.org/resolve/-/resolve-1.22.10.tgz. Extracting by manifest.
711 silly tarball no local data for lilconfig@https://registry.npmjs.org/lilconfig/-/lilconfig-2.1.0.tgz. Extracting by manifest.
712 silly tarball no local data for normalize-path@https://registry.npmjs.org/normalize-path/-/normalize-path-3.0.0.tgz. Extracting by manifest.
713 silly tarball no local data for jiti@https://registry.npmjs.org/jiti/-/jiti-1.21.7.tgz. Extracting by manifest.
714 silly tarball no local data for is-glob@https://registry.npmjs.org/is-glob/-/is-glob-4.0.3.tgz. Extracting by manifest.
715 silly tarball no local data for fast-glob@https://registry.npmjs.org/fast-glob/-/fast-glob-3.3.3.tgz. Extracting by manifest.
716 silly tarball no local data for glob-parent@https://registry.npmjs.org/glob-parent/-/glob-parent-6.0.2.tgz. Extracting by manifest.
717 silly tarball no local data for dlv@https://registry.npmjs.org/dlv/-/dlv-1.1.3.tgz. Extracting by manifest.
718 silly tarball no local data for @alloc/quick-lru@https://registry.npmjs.org/@alloc/quick-lru/-/quick-lru-5.2.0.tgz. Extracting by manifest.
719 silly tarball no local data for chokidar@https://registry.npmjs.org/chokidar/-/chokidar-3.6.0.tgz. Extracting by manifest.
720 silly tarball no local data for didyoumean@https://registry.npmjs.org/didyoumean/-/didyoumean-1.2.2.tgz. Extracting by manifest.
721 silly tarball no local data for arg@https://registry.npmjs.org/arg/-/arg-5.0.2.tgz. Extracting by manifest.
722 silly tarball no local data for tailwindcss@https://registry.npmjs.org/tailwindcss/-/tailwindcss-3.3.3.tgz. Extracting by manifest.
723 silly tarball no local data for ansi-regex@https://registry.npmjs.org/ansi-regex/-/ansi-regex-5.0.1.tgz. Extracting by manifest.
724 silly tarball no local data for emoji-regex@https://registry.npmjs.org/emoji-regex/-/emoji-regex-8.0.0.tgz. Extracting by manifest.
725 silly tarball no local data for strip-ansi@https://registry.npmjs.org/strip-ansi/-/strip-ansi-6.0.1.tgz. Extracting by manifest.
726 silly tarball no local data for ansi-styles@https://registry.npmjs.org/ansi-styles/-/ansi-styles-4.3.0.tgz. Extracting by manifest.
727 silly tarball no local data for ansi-regex@https://registry.npmjs.org/ansi-regex/-/ansi-regex-5.0.1.tgz. Extracting by manifest.
728 silly tarball no local data for lilconfig@https://registry.npmjs.org/lilconfig/-/lilconfig-3.1.3.tgz. Extracting by manifest.
729 silly tarball no local data for glob-parent@https://registry.npmjs.org/glob-parent/-/glob-parent-5.1.2.tgz. Extracting by manifest.
730 silly tarball no local data for ansi-regex@https://registry.npmjs.org/ansi-regex/-/ansi-regex-5.0.1.tgz. Extracting by manifest.
731 silly tarball no local data for postcss@https://registry.npmjs.org/postcss/-/postcss-8.5.6.tgz. Extracting by manifest.
732 silly tarball no local data for emoji-regex@https://registry.npmjs.org/emoji-regex/-/emoji-regex-8.0.0.tgz. Extracting by manifest.
733 silly tarball no local data for string-width@https://registry.npmjs.org/string-width/-/string-width-4.2.3.tgz. Extracting by manifest.
734 silly tarball no local data for strip-ansi@https://registry.npmjs.org/strip-ansi/-/strip-ansi-6.0.1.tgz. Extracting by manifest.
735 silly tarball no local data for glob-parent@https://registry.npmjs.org/glob-parent/-/glob-parent-5.1.2.tgz. Extracting by manifest.
736 http fetch GET 200 https://registry.npmjs.org/color-convert/-/color-convert-2.0.1.tgz 155ms (cache miss)
737 http fetch GET 200 https://registry.npmjs.org/color-name/-/color-name-1.1.4.tgz 157ms (cache miss)
738 http fetch GET 200 https://registry.npmjs.org/brace-expansion/-/brace-expansion-2.0.2.tgz 209ms (cache miss)
739 http fetch POST 200 https://registry.npmjs.org/-/npm/v1/security/advisories/bulk 275ms
740 silly audit report {}
741 http fetch GET 200 https://registry.npmjs.org/balanced-match/-/balanced-match-1.0.2.tgz 237ms (cache miss)
742 http fetch GET 200 https://registry.npmjs.org/wrap-ansi/-/wrap-ansi-7.0.0.tgz 301ms (cache miss)
743 http fetch GET 200 https://registry.npmjs.org/strip-ansi/-/strip-ansi-6.0.1.tgz 307ms (cache miss)
744 http fetch GET 200 https://registry.npmjs.org/wrap-ansi/-/wrap-ansi-8.1.0.tgz 348ms (cache miss)
745 http fetch GET 200 https://registry.npmjs.org/ansi-regex/-/ansi-regex-6.2.0.tgz 365ms (cache miss)
746 http fetch GET 200 https://registry.npmjs.org/is-number/-/is-number-7.0.0.tgz 368ms (cache miss)
747 http fetch GET 200 https://registry.npmjs.org/ansi-styles/-/ansi-styles-6.2.1.tgz 428ms (cache miss)
748 http fetch GET 200 https://registry.npmjs.org/isexe/-/isexe-2.0.0.tgz 454ms (cache miss)
749 http fetch GET 200 https://registry.npmjs.org/thenify-all/-/thenify-all-1.6.0.tgz 536ms (cache miss)
750 http fetch GET 200 https://registry.npmjs.org/shebang-regex/-/shebang-regex-3.0.0.tgz 558ms (cache miss)
751 http fetch GET 200 https://registry.npmjs.org/strip-ansi/-/strip-ansi-7.1.0.tgz 578ms (cache miss)
752 http fetch GET 200 https://registry.npmjs.org/string-width/-/string-width-5.1.2.tgz 579ms (cache miss)
753 http fetch GET 200 https://registry.npmjs.org/eastasianwidth/-/eastasianwidth-0.2.0.tgz 588ms (cache miss)
754 http fetch GET 200 https://registry.npmjs.org/is-fullwidth-code-point/-/is-fullwidth-code-point-3.0.0.tgz 599ms (cache miss)
755 http fetch GET 200 https://registry.npmjs.org/object-assign/-/object-assign-4.1.1.tgz 603ms (cache miss)
756 http fetch GET 200 https://registry.npmjs.org/string-width/-/string-width-4.2.3.tgz 599ms (cache miss)
757 http fetch GET 200 https://registry.npmjs.org/@isaacs/cliui/-/cliui-8.0.2.tgz 612ms (cache miss)
758 http fetch GET 200 https://registry.npmjs.org/which/-/which-2.0.2.tgz 627ms (cache miss)
759 http fetch GET 200 https://registry.npmjs.org/path-key/-/path-key-3.1.1.tgz 643ms (cache miss)
760 http fetch GET 200 https://registry.npmjs.org/shebang-command/-/shebang-command-2.0.0.tgz 654ms (cache miss)
761 http fetch GET 200 https://registry.npmjs.org/emoji-regex/-/emoji-regex-9.2.2.tgz 992ms (cache miss)
762 http fetch GET 200 https://registry.npmjs.org/ts-interface-checker/-/ts-interface-checker-0.1.13.tgz 1241ms (cache miss)
763 http fetch GET 200 https://registry.npmjs.org/pify/-/pify-2.3.0.tgz 1258ms (cache miss)
764 http fetch GET 200 https://registry.npmjs.org/path-parse/-/path-parse-1.0.7.tgz 1302ms (cache miss)
765 http fetch GET 200 https://registry.npmjs.org/util-deprecate/-/util-deprecate-1.0.2.tgz 1301ms (cache miss)
766 http fetch GET 200 https://registry.npmjs.org/thenify/-/thenify-3.3.1.tgz 1305ms (cache miss)
767 http fetch GET 200 https://registry.npmjs.org/pirates/-/pirates-4.0.7.tgz 1310ms (cache miss)
768 http fetch GET 200 https://registry.npmjs.org/lines-and-columns/-/lines-and-columns-1.2.4.tgz 1332ms (cache miss)
769 http fetch GET 200 https://registry.npmjs.org/queue-microtask/-/queue-microtask-1.2.3.tgz 1354ms (cache miss)
770 http fetch GET 200 https://registry.npmjs.org/read-cache/-/read-cache-1.0.0.tgz 1351ms (cache miss)
771 http fetch GET 200 https://registry.npmjs.org/camelcase-css/-/camelcase-css-2.0.1.tgz 1387ms (cache miss)
772 http fetch GET 200 https://registry.npmjs.org/reusify/-/reusify-1.1.0.tgz 1389ms (cache miss)
773 http fetch GET 200 https://registry.npmjs.org/merge2/-/merge2-1.4.1.tgz 1405ms (cache miss)
774 http fetch GET 200 https://registry.npmjs.org/cross-spawn/-/cross-spawn-7.0.6.tgz 1421ms (cache miss)
775 http fetch GET 200 https://registry.npmjs.org/binary-extensions/-/binary-extensions-2.3.0.tgz 1421ms (cache miss)
776 http fetch GET 200 https://registry.npmjs.org/is-extglob/-/is-extglob-2.1.1.tgz 1434ms (cache miss)
777 http fetch GET 200 https://registry.npmjs.org/is-binary-path/-/is-binary-path-2.1.0.tgz 1441ms (cache miss)
778 http fetch GET 200 https://registry.npmjs.org/postcss-js/-/postcss-js-4.0.1.tgz 1464ms (cache miss)
779 http fetch GET 200 https://registry.npmjs.org/run-parallel/-/run-parallel-1.2.0.tgz 1480ms (cache miss)
780 http fetch GET 200 https://registry.npmjs.org/readdirp/-/readdirp-3.6.0.tgz 1478ms (cache miss)
781 http fetch GET 200 https://registry.npmjs.org/postcss-nested/-/postcss-nested-6.2.0.tgz 1478ms (cache miss)
782 http fetch GET 200 https://registry.npmjs.org/postcss-load-config/-/postcss-load-config-4.0.2.tgz 1487ms (cache miss)
783 http fetch GET 200 https://registry.npmjs.org/micromatch/-/micromatch-4.0.8.tgz 1489ms (cache miss)
784 http fetch GET 200 https://registry.npmjs.org/cssesc/-/cssesc-3.0.0.tgz 1520ms (cache miss)
785 http fetch GET 200 https://registry.npmjs.org/anymatch/-/anymatch-3.1.3.tgz 1511ms (cache miss)
786 http fetch GET 200 https://registry.npmjs.org/normalize-path/-/normalize-path-3.0.0.tgz 1544ms (cache miss)
787 http fetch GET 200 https://registry.npmjs.org/is-glob/-/is-glob-4.0.3.tgz 1546ms (cache miss)
788 http fetch GET 200 https://registry.npmjs.org/fill-range/-/fill-range-7.1.1.tgz 1586ms (cache miss)
789 http fetch GET 200 https://registry.npmjs.org/lilconfig/-/lilconfig-2.1.0.tgz 1581ms (cache miss)
790 http fetch GET 200 https://registry.npmjs.org/glob-parent/-/glob-parent-6.0.2.tgz 1600ms (cache miss)
791 http fetch GET 200 https://registry.npmjs.org/picocolors/-/picocolors-1.1.1.tgz 1610ms (cache miss)
792 http fetch GET 200 https://registry.npmjs.org/dlv/-/dlv-1.1.3.tgz 1615ms (cache miss)
793 http fetch GET 200 https://registry.npmjs.org/package-json-from-dist/-/package-json-from-dist-1.0.1.tgz 1651ms (cache miss)
794 http fetch GET 200 https://registry.npmjs.org/didyoumean/-/didyoumean-1.2.2.tgz 1626ms (cache miss)
795 http fetch GET 200 https://registry.npmjs.org/@jridgewell/resolve-uri/-/resolve-uri-3.1.2.tgz 1662ms (cache miss)
796 http fetch GET 200 https://registry.npmjs.org/ansi-regex/-/ansi-regex-5.0.1.tgz 1643ms (cache miss)
797 http fetch GET 200 https://registry.npmjs.org/@alloc/quick-lru/-/quick-lru-5.2.0.tgz 1645ms (cache miss)
798 http fetch GET 200 https://registry.npmjs.org/arg/-/arg-5.0.2.tgz 1644ms (cache miss)
799 http fetch GET 200 https://registry.npmjs.org/to-regex-range/-/to-regex-range-5.0.1.tgz 1681ms (cache miss)
800 http fetch GET 200 https://registry.npmjs.org/hasown/-/hasown-2.0.2.tgz 1690ms (cache miss)
801 http fetch GET 200 https://registry.npmjs.org/mz/-/mz-2.7.0.tgz 1705ms (cache miss)
802 http fetch GET 200 https://registry.npmjs.org/supports-preserve-symlinks-flag/-/supports-preserve-symlinks-flag-1.0.0.tgz 1735ms (cache miss)
803 http fetch GET 200 https://registry.npmjs.org/ansi-regex/-/ansi-regex-5.0.1.tgz 1748ms (cache miss)
804 http fetch GET 200 https://registry.npmjs.org/strip-ansi/-/strip-ansi-6.0.1.tgz 1748ms (cache miss)
805 http fetch GET 200 https://registry.npmjs.org/strip-ansi/-/strip-ansi-6.0.1.tgz 1753ms (cache miss)
806 http fetch GET 200 https://registry.npmjs.org/string-width/-/string-width-4.2.3.tgz 1760ms (cache miss)
807 http fetch GET 200 https://registry.npmjs.org/object-hash/-/object-hash-3.0.0.tgz 1813ms (cache miss)
808 http fetch GET 200 https://registry.npmjs.org/ansi-regex/-/ansi-regex-5.0.1.tgz 1816ms (cache miss)
809 http fetch GET 200 https://registry.npmjs.org/postcss-value-parser/-/postcss-value-parser-4.2.0.tgz 1835ms (cache miss)
810 http fetch GET 200 https://registry.npmjs.org/ansi-styles/-/ansi-styles-4.3.0.tgz 1824ms (cache miss)
811 http fetch GET 200 https://registry.npmjs.org/is-core-module/-/is-core-module-2.16.1.tgz 1845ms (cache miss)
812 http fetch GET 200 https://registry.npmjs.org/lilconfig/-/lilconfig-3.1.3.tgz 1831ms (cache miss)
813 http fetch GET 200 https://registry.npmjs.org/glob-parent/-/glob-parent-5.1.2.tgz 1833ms (cache miss)
814 http fetch GET 200 https://registry.npmjs.org/braces/-/braces-3.0.3.tgz 1843ms (cache miss)
815 http fetch GET 200 https://registry.npmjs.org/function-bind/-/function-bind-1.1.2.tgz 1862ms (cache miss)
816 http fetch GET 200 https://registry.npmjs.org/commander/-/commander-4.1.1.tgz 1863ms (cache miss)
817 http fetch GET 200 https://registry.npmjs.org/glob-parent/-/glob-parent-5.1.2.tgz 1817ms (cache miss)
818 http fetch GET 200 https://registry.npmjs.org/@pkgjs/parseargs/-/parseargs-0.11.0.tgz 1918ms (cache miss)
819 http fetch GET 200 https://registry.npmjs.org/postcss-import/-/postcss-import-15.1.0.tgz 1928ms (cache miss)
820 http fetch GET 200 https://registry.npmjs.org/emoji-regex/-/emoji-regex-8.0.0.tgz 1965ms (cache miss)
821 http fetch GET 200 https://registry.npmjs.org/emoji-regex/-/emoji-regex-8.0.0.tgz 2010ms (cache miss)
822 http fetch GET 200 https://registry.npmjs.org/chokidar/-/chokidar-3.6.0.tgz 2054ms (cache miss)
823 http fetch GET 200 https://registry.npmjs.org/minipass/-/minipass-7.1.2.tgz 2088ms (cache miss)
824 http fetch GET 200 https://registry.npmjs.org/@nodelib/fs.stat/-/fs.stat-2.0.5.tgz 2096ms (cache miss)
825 http fetch GET 200 https://registry.npmjs.org/fastq/-/fastq-1.19.1.tgz 2111ms (cache miss)
826 http fetch GET 200 https://registry.npmjs.org/picomatch/-/picomatch-2.3.1.tgz 2183ms (cache miss)
827 http fetch GET 200 https://registry.npmjs.org/source-map-js/-/source-map-js-1.2.1.tgz 2240ms (cache miss)
828 http fetch GET 200 https://registry.npmjs.org/signal-exit/-/signal-exit-4.1.0.tgz 2359ms (cache miss)
829 http fetch GET 200 https://registry.npmjs.org/@nodelib/fs.scandir/-/fs.scandir-2.1.5.tgz 2348ms (cache miss)
830 http fetch GET 200 https://registry.npmjs.org/any-promise/-/any-promise-1.3.0.tgz 2375ms (cache miss)
831 http fetch GET 200 https://registry.npmjs.org/jackspeak/-/jackspeak-3.4.3.tgz 2364ms (cache miss)
832 http fetch GET 200 https://registry.npmjs.org/path-scurry/-/path-scurry-1.11.1.tgz 2376ms (cache miss)
833 http fetch GET 200 https://registry.npmjs.org/nanoid/-/nanoid-3.3.11.tgz 2377ms (cache miss)
834 http fetch GET 200 https://registry.npmjs.org/@jridgewell/sourcemap-codec/-/sourcemap-codec-1.5.5.tgz 2395ms (cache miss)
835 http fetch GET 200 https://registry.npmjs.org/@nodelib/fs.walk/-/fs.walk-1.2.8.tgz 2417ms (cache miss)
836 http fetch GET 200 https://registry.npmjs.org/@jridgewell/gen-mapping/-/gen-mapping-0.3.13.tgz 2539ms (cache miss)
837 http fetch GET 200 https://registry.npmjs.org/lru-cache/-/lru-cache-10.4.3.tgz 2572ms (cache miss)
838 http fetch GET 200 https://registry.npmjs.org/foreground-child/-/foreground-child-3.3.1.tgz 2589ms (cache miss)
839 http fetch GET 200 https://registry.npmjs.org/postcss-selector-parser/-/postcss-selector-parser-6.1.2.tgz 2926ms (cache miss)
840 http fetch GET 200 https://registry.npmjs.org/jiti/-/jiti-1.21.7.tgz 2943ms (cache miss)
841 http fetch GET 200 https://registry.npmjs.org/@jridgewell/trace-mapping/-/trace-mapping-0.3.30.tgz 3053ms (cache miss)
842 http fetch GET 200 https://registry.npmjs.org/minimatch/-/minimatch-9.0.5.tgz 3054ms (cache miss)
843 http fetch GET 200 https://registry.npmjs.org/fast-glob/-/fast-glob-3.3.3.tgz 3085ms (cache miss)
844 http fetch GET 200 https://registry.npmjs.org/postcss/-/postcss-8.5.6.tgz 3089ms (cache miss)
845 http fetch GET 200 https://registry.npmjs.org/glob/-/glob-10.4.5.tgz 3140ms (cache miss)
846 http fetch GET 200 https://registry.npmjs.org/resolve/-/resolve-1.22.10.tgz 3316ms (cache miss)
847 http fetch GET 200 https://registry.npmjs.org/sucrase/-/sucrase-3.35.0.tgz 3678ms (cache miss)
848 http fetch GET 200 https://registry.npmjs.org/yaml/-/yaml-2.8.1.tgz 3855ms (cache miss)
849 http fetch GET 200 https://registry.npmjs.org/tailwindcss/-/tailwindcss-3.3.3.tgz 4053ms (cache miss)
850 silly ADD node_modules/color-name
851 silly ADD node_modules/color-convert
852 silly ADD node_modules/ansi-styles
853 silly ADD node_modules/isexe
854 silly ADD node_modules/is-number
855 silly ADD node_modules/thenify
856 silly ADD node_modules/ansi-regex
857 silly ADD node_modules/is-fullwidth-code-point
858 silly ADD node_modules/emoji-regex
859 silly ADD node_modules/eastasianwidth
860 silly ADD node_modules/shebang-regex
861 silly ADD node_modules/lru-cache
862 silly ADD node_modules/thenify-all
863 silly ADD node_modules/object-assign
864 silly ADD node_modules/any-promise
865 silly ADD node_modules/balanced-match
866 silly ADD node_modules/brace-expansion
867 silly ADD node_modules/wrap-ansi-cjs
868 silly ADD node_modules/wrap-ansi-cjs/node_modules/ansi-regex
869 silly ADD node_modules/wrap-ansi-cjs/node_modules/emoji-regex
870 silly ADD node_modules/wrap-ansi-cjs/node_modules/strip-ansi
871 silly ADD node_modules/wrap-ansi-cjs/node_modules/string-width
872 silly ADD node_modules/wrap-ansi-cjs/node_modules/ansi-styles
873 silly ADD node_modules/wrap-ansi
874 silly ADD node_modules/strip-ansi-cjs
875 silly ADD node_modules/strip-ansi-cjs/node_modules/ansi-regex
876 silly ADD node_modules/strip-ansi
877 silly ADD node_modules/string-width-cjs
878 silly ADD node_modules/string-width-cjs/node_modules/ansi-regex
879 silly ADD node_modules/string-width-cjs/node_modules/strip-ansi
880 silly ADD node_modules/string-width-cjs/node_modules/emoji-regex
881 silly ADD node_modules/string-width
882 silly ADD node_modules/@pkgjs/parseargs
883 silly ADD node_modules/@isaacs/cliui
884 silly ADD node_modules/which
885 silly ADD node_modules/shebang-command
886 silly ADD node_modules/path-key
887 silly ADD node_modules/signal-exit
888 silly ADD node_modules/cross-spawn
889 silly ADD node_modules/path-scurry
890 silly ADD node_modules/package-json-from-dist
891 silly ADD node_modules/minipass
892 silly ADD node_modules/minimatch
893 silly ADD node_modules/jackspeak
894 silly ADD node_modules/foreground-child
895 silly ADD node_modules/@jridgewell/resolve-uri
896 silly ADD node_modules/@jridgewell/trace-mapping
897 silly ADD node_modules/@jridgewell/sourcemap-codec
898 silly ADD node_modules/ts-interface-checker
899 silly ADD node_modules/pirates
900 silly ADD node_modules/mz
901 silly ADD node_modules/lines-and-columns
902 silly ADD node_modules/glob
903 silly ADD node_modules/commander
904 silly ADD node_modules/@jridgewell/gen-mapping
905 silly ADD node_modules/queue-microtask
906 silly ADD node_modules/function-bind
907 silly ADD node_modules/hasown
908 silly ADD node_modules/supports-preserve-symlinks-flag
909 silly ADD node_modules/path-parse
910 silly ADD node_modules/is-core-module
911 silly ADD node_modules/pify
912 silly ADD node_modules/util-deprecate
913 silly ADD node_modules/cssesc
914 silly ADD node_modules/yaml
915 silly ADD node_modules/camelcase-css
916 silly ADD node_modules/read-cache
917 silly ADD node_modules/postcss-value-parser
918 silly ADD node_modules/source-map-js
919 silly ADD node_modules/nanoid
920 silly ADD node_modules/is-extglob
921 silly ADD node_modules/binary-extensions
922 silly ADD node_modules/to-regex-range
923 silly ADD node_modules/reusify
924 silly ADD node_modules/run-parallel
925 silly ADD node_modules/fastq
926 silly ADD node_modules/@nodelib/fs.scandir
927 silly ADD node_modules/merge2
928 silly ADD node_modules/@nodelib/fs.walk
929 silly ADD node_modules/@nodelib/fs.stat
930 silly ADD node_modules/fill-range
931 silly ADD node_modules/picomatch
932 silly ADD node_modules/readdirp
933 silly ADD node_modules/is-binary-path
934 silly ADD
935 silly ADD node_modules/braces
936 silly ADD node_modules/anymatch
937 silly ADD node_modules/sucrase
938 silly ADD node_modules/resolve
939 silly ADD node_modules/postcss-selector-parser
940 silly ADD node_modules/postcss-nested
941 silly ADD node_modules/postcss-load-config
942 silly ADD node_modules/postcss-load-config/node_modules/lilconfig
943 silly ADD node_modules/postcss-js
944 silly ADD node_modules/postcss-import
945 silly ADD node_modules/postcss
946 silly ADD node_modules/picocolors
947 silly ADD node_modules/object-hash
948 silly ADD node_modules/normalize-path
949 silly ADD node_modules/micromatch
950 silly ADD node_modules/lilconfig
951 silly ADD node_modules/jiti
952 silly ADD node_modules/is-glob
953 silly ADD node_modules/glob-parent
954 silly ADD node_modules/fast-glob
955 silly ADD node_modules/fast-glob/node_modules/glob-parent
956 silly ADD node_modules/dlv
957 silly ADD node_modules/didyoumean
958 silly ADD node_modules/chokidar
959 silly ADD node_modules/chokidar/node_modules/glob-parent
960 silly ADD node_modules/arg
961 silly ADD node_modules/@alloc/quick-lru
962 silly CHANGE node_modules/tailwindcss
963 verbose cwd C:\Development\HTMX\RosieTaylorBranding
964 verbose os Windows_NT 10.0.26100
965 verbose node v22.12.0
966 verbose npm  v10.9.0
967 notice
967 notice New [31mmajor[39m version of npm available! [31m10.9.0[39m -> [34m11.5.2[39m
967 notice Changelog: [34mhttps://github.com/npm/cli/releases/tag/v11.5.2[39m
967 notice To update run: [4mnpm install -g npm@11.5.2[24m
967 notice  { force: true, [Symbol(proc-log.meta)]: true }
968 verbose exit 0
969 info ok
